[2018-04-25 10:27:12.799] [exthost1] [info] extension host started
[2018-04-25 10:27:12.839] [exthost1] [info] ExtensionService#_doActivateExtension vscode.emmet {"startup":true,"activationEvent":"*"}
[2018-04-25 10:27:12.840] [exthost1] [info] ExtensionService#loadCommonJSModule /opt/visual-studio-code/resources/app/extensions/emmet/out/extension
[2018-04-25 10:27:12.922] [exthost1] [info] ExtensionService#_doActivateExtension vscode.git {"startup":true,"activationEvent":"*"}
[2018-04-25 10:27:12.922] [exthost1] [info] ExtensionService#loadCommonJSModule /opt/visual-studio-code/resources/app/extensions/git/out/main
[2018-04-25 10:27:13.132] [exthost1] [info] ExtensionService#_doActivateExtension vscode.merge-conflict {"startup":true,"activationEvent":"*"}
[2018-04-25 10:27:13.132] [exthost1] [info] ExtensionService#loadCommonJSModule /opt/visual-studio-code/resources/app/extensions/merge-conflict/out/extension
[2018-04-25 10:27:13.146] [exthost1] [info] eager extensions activated
[2018-04-25 10:28:21.109] [exthost1] [info] extension host started
[2018-04-25 10:28:21.130] [exthost1] [info] ExtensionService#_doActivateExtension vscode.emmet {"startup":true,"activationEvent":"*"}
[2018-04-25 10:28:21.130] [exthost1] [info] ExtensionService#loadCommonJSModule /opt/visual-studio-code/resources/app/extensions/emmet/out/extension
[2018-04-25 10:28:21.190] [exthost1] [info] ExtensionService#_doActivateExtension vscode.git {"startup":true,"activationEvent":"*"}
[2018-04-25 10:28:21.190] [exthost1] [info] ExtensionService#loadCommonJSModule /opt/visual-studio-code/resources/app/extensions/git/out/main
[2018-04-25 10:28:21.355] [exthost1] [info] ExtensionService#_doActivateExtension vscode.merge-conflict {"startup":true,"activationEvent":"*"}
[2018-04-25 10:28:21.355] [exthost1] [info] ExtensionService#loadCommonJSModule /opt/visual-studio-code/resources/app/extensions/merge-conflict/out/extension
[2018-04-25 10:28:21.366] [exthost1] [info] ExtensionService#_doActivateExtension ms-vscode.cpptools {"startup":true,"activationEvent":"*"}
[2018-04-25 10:28:21.366] [exthost1] [info] ExtensionService#loadCommonJSModule /home/coc/.vscode/extensions/ms-vscode.cpptools-0.16.1/out/src/main
[2018-04-25 10:28:21.531] [exthost1] [info] eager extensions activated
[2018-04-25 10:28:29.026] [exthost1] [info] ExtensionService#_doActivateExtension vscode.html-language-features {"startup":false,"activationEvent":"onLanguage:html"}
[2018-04-25 10:28:29.026] [exthost1] [info] ExtensionService#loadCommonJSModule /opt/visual-studio-code/resources/app/extensions/html-language-features/client/out/htmlMain
