Desktop is 1366 x 768 @ 60 Hz
New context 0xa9f0fd0 created with attributes:
Initialize engine version: 2017.3.0f3 (a9f86dcd79df)
GfxDevice: creating device client; threaded=1
Renderer: Mesa DRI Intel(R) Ivybridge Mobile x86/MMX/SSE2
Vendor:   Intel Open Source Technology Center
Version:  4.2 (Core Profile) Mesa 17.3.6
GLES:     0
 GL_3DFX_texture_compression_FXT1 GL_AMD_conservative_depth GL_AMD_draw_buffers_blend GL_AMD_seamless_cubemap_per_texture GL_AMD_shader_trinary_minmax GL_AMD_vertex_shader_layer GL_AMD_vertex_shader_viewport_index GL_ANGLE_texture_compression_dxt3 GL_ANGLE_texture_compression_dxt5 GL_APPLE_object_purgeable GL_ARB_ES2_compatibility GL_ARB_ES3_compatibility GL_ARB_arrays_of_arrays GL_ARB_base_instance GL_ARB_blend_func_extended GL_ARB_buffer_storage GL_ARB_clear_buffer_object GL_ARB_clear_texture GL_ARB_clip_control GL_ARB_compressed_texture_pixel_storage GL_ARB_compute_shader GL_ARB_conditional_render_inverted GL_ARB_conservative_depth GL_ARB_copy_buffer GL_ARB_copy_image GL_ARB_cull_distance GL_ARB_debug_output GL_ARB_depth_buffer_float GL_ARB_depth_clamp GL_ARB_derivative_control GL_ARB_direct_state_access GL_ARB_draw_buffers GL_ARB_draw_buffers_blend GL_ARB_draw_elements_base_vertex GL_ARB_draw_indirect GL_ARB_draw_instanced GL_ARB_enhanced_layouts GL_ARB_explicit_attrib_location GL_ARB_explicit_uniform_lo
cation GL_ARB_fragment_coord_conventions GL_ARB_fragment_layer_viewport GL_ARB_fragment_shader GL_ARB_framebuffer_no_attachments GL_ARB_framebuffer_object GL_ARB_framebuffer_sRGB GL_ARB_get_program_binary GL_ARB_get_texture_sub_image GL_ARB_gpu_shader5 GL_ARB_gpu_shader_fp64 GL_ARB_half_float_pixel GL_ARB_half_float_vertex GL_ARB_indirect_parameters GL_ARB_instanced_arrays GL_ARB_internalformat_query GL_ARB_internalformat_query2 GL_ARB_invalidate_subdata GL_ARB_map_buffer_alignment GL_ARB_map_buffer_range GL_ARB_multi_bind GL_ARB_multi_draw_indirect GL_ARB_occlusion_query2 GL_ARB_pipeline_statistics_query GL_ARB_pixel_buffer_object GL_ARB_point_sprite GL_ARB_polygon_offset_clamp GL_ARB_program_interface_query GL_ARB_provoking_vertex GL_ARB_robustness GL_ARB_sample_shading GL_ARB_sampler_objects GL_ARB_seamless_cube_map GL_ARB_seamless_cubemap_per_texture GL_ARB_separate_shader_objects GL_ARB_shader_atomic_counter_ops GL_ARB_shader_atomic_counters GL_ARB_shader_bit_encoding GL_ARB_shader_clock GL_ARB_shader_d
raw_parameters GL_ARB_shader_group_vote GL_ARB_shader_image_load_store GL_ARB_shader_image_size GL_ARB_shader_objects GL_ARB_shader_precision GL_ARB_shader_storage_buffer_object GL_ARB_shader_subroutine GL_ARB_shader_texture_image_samples GL_ARB_shader_texture_lod GL_ARB_shader_viewport_layer_array GL_ARB_shading_language_420pack GL_ARB_shading_language_packing GL_ARB_sync GL_ARB_tessellation_shader GL_ARB_texture_barrier GL_ARB_texture_buffer_object GL_ARB_texture_buffer_object_rgb32 GL_ARB_texture_buffer_range GL_ARB_texture_compression_bptc GL_ARB_texture_compression_rgtc GL_ARB_texture_cube_map_array GL_ARB_texture_filter_anisotropic GL_ARB_texture_float GL_ARB_texture_gather GL_ARB_texture_mirror_clamp_to_edge GL_ARB_texture_multisample GL_ARB_texture_non_power_of_two GL_ARB_texture_query_levels GL_ARB_texture_query_lod GL_ARB_texture_rectangle GL_ARB_texture_rg GL_ARB_texture_rgb10_a2ui GL_ARB_texture_storage GL_ARB_texture_storage_multisample GL_ARB_texture_swizzle GL_ARB_texture_view GL_ARB_timer_que
ry GL_ARB_transform_feedback2 GL_ARB_transform_feedback3 GL_ARB_transform_feedback_instanced GL_ARB_transform_feedback_overflow_query GL_ARB_uniform_buffer_object GL_ARB_vertex_array_bgra GL_ARB_vertex_array_object GL_ARB_vertex_attrib_64bit GL_ARB_vertex_attrib_binding GL_ARB_vertex_shader GL_ARB_vertex_type_10f_11f_11f_rev GL_ARB_vertex_type_2_10_10_10_rev GL_ARB_viewport_array GL_ATI_blend_equation_separate GL_ATI_texture_float GL_EXT_abgr GL_EXT_blend_equation_separate GL_EXT_draw_buffers2 GL_EXT_draw_instanced GL_EXT_framebuffer_blit GL_EXT_framebuffer_multisample GL_EXT_framebuffer_multisample_blit_scaled GL_EXT_framebuffer_sRGB GL_EXT_packed_depth_stencil GL_EXT_packed_float GL_EXT_pixel_buffer_object GL_EXT_polygon_offset_clamp GL_EXT_provoking_vertex GL_EXT_shader_integer_mix GL_EXT_shader_samples_identical GL_EXT_texture_array GL_EXT_texture_compression_dxt1 GL_EXT_texture_compression_rgtc GL_EXT_texture_compression_s3tc GL_EXT_texture_filter_anisotropic GL_EXT_texture_integer GL_EXT_texture_sRGB G
L_EXT_texture_sRGB_decode GL_EXT_texture_shared_exponent GL_EXT_texture_snorm GL_EXT_texture_swizzle GL_EXT_timer_query GL_EXT_transform_feedback GL_EXT_vertex_array_bgra GL_IBM_multimode_draw_arrays GL_INTEL_performance_query GL_KHR_blend_equation_advanced GL_KHR_context_flush_control GL_KHR_debug GL_KHR_no_error GL_KHR_robustness GL_MESA_pack_invert GL_MESA_shader_integer_functions GL_MESA_texture_signed_rgba GL_NV_conditional_render GL_NV_depth_clamp GL_NV_packed_depth_stencil GL_NV_texture_barrier GL_OES_EGL_image GL_S3_s3tc
OPENGL LOG: Creating OpenGL 4.2 graphics device ; Context level  <OpenGL 4.2> ; Context handle 178196432
AudioManager: Using PulseAudio: Default Output Device
Begin MonoManager ReloadAssembly
- Completed reload, in  0.819 seconds
WARNING: Shader Unsupported: 'Hidden/BlitToDepth' - Pass '' has no vertex shader
WARNING: Shader Unsupported: 'Hidden/BlitToDepth' - Setting to default shader.
WARNING: Shader Unsupported: 'Hidden/BlitToDepth_MSAA' - Pass '' has no vertex shader
WARNING: Shader Unsupported: 'Hidden/BlitToDepth_MSAA' - Setting to default shader.
New context 0xacd1e40 created with attributes:
Default vsync count 0
requesting resize 1366 x 768
Using native desktop resolution 1366 x 768
requesting fullscreen 1366 x 768 at 0 Hz
Desktop is 1366 x 768 @ 60 Hz
Setting up 2 worker threads for Enlighten.
  Thread -> id: d67feb40 -> priority: 1 
  Thread -> id: d5ffdb40 -> priority: 1 
UnloadTime: 45.242000 ms
DontDestroyOnLoad only work for root GameObjects or components on root GameObjects.
 
(Filename:  Line: 482)

Cannot resolve destination host
 
(Filename: /home/builduser/buildslave/unity/build/artifacts/generated/common/runtime/DebugBindings.gen.cpp Line: 51)

Unloading 5 Unused Serialized files (Serialized files now loaded: 0)
UnloadTime: 1.642000 ms

Unloading 5 unused Assets to reduce memory usage. Loaded Objects now: 1629.
Total: 1.736000 ms (FindLiveObjects: 0.523000 ms CreateObjectMapping: 0.057000 ms MarkObjects: 1.140000 ms  DeleteObjects: 0.016000 ms)

Unloading 6 Unused Serialized files (Serialized files now loaded: 0)
UnloadTime: 7.049000 ms

Unloading 19 unused Assets to reduce memory usage. Loaded Objects now: 4204.
Total: 4.974000 ms (FindLiveObjects: 0.963000 ms CreateObjectMapping: 0.139000 ms MarkObjects: 3.219000 ms  DeleteObjects: 0.652000 ms)

Cannot resolve destination host
 
(Filename: /home/builduser/buildslave/unity/build/artifacts/generated/common/runtime/DebugBindings.gen.cpp Line: 51)

Cannot resolve destination host
 
(Filename: /home/builduser/buildslave/unity/build/artifacts/generated/common/runtime/DebugBindings.gen.cpp Line: 51)

Cannot resolve destination host
 
(Filename: /home/builduser/buildslave/unity/build/artifacts/generated/common/runtime/DebugBindings.gen.cpp Line: 51)

Cannot resolve destination host
 
(Filename: /home/builduser/buildslave/unity/build/artifacts/generated/common/runtime/DebugBindings.gen.cpp Line: 51)

Cannot resolve destination host
 
(Filename: /home/builduser/buildslave/unity/build/artifacts/generated/common/runtime/DebugBindings.gen.cpp Line: 51)

Cannot resolve destination host
 
(Filename: /home/builduser/buildslave/unity/build/artifacts/generated/common/runtime/DebugBindings.gen.cpp Line: 51)

Cannot resolve destination host
 
(Filename: /home/builduser/buildslave/unity/build/artifacts/generated/common/runtime/DebugBindings.gen.cpp Line: 51)

Cannot resolve destination host
 
(Filename: /home/builduser/buildslave/unity/build/artifacts/generated/common/runtime/DebugBindings.gen.cpp Line: 51)

Cannot resolve destination host
 
(Filename: /home/builduser/buildslave/unity/build/artifacts/generated/common/runtime/DebugBindings.gen.cpp Line: 51)

Cannot resolve destination host
 
(Filename: /home/builduser/buildslave/unity/build/artifacts/generated/common/runtime/DebugBindings.gen.cpp Line: 51)

Cannot resolve destination host
 
(Filename: /home/builduser/buildslave/unity/build/artifacts/generated/common/runtime/DebugBindings.gen.cpp Line: 51)

Cannot resolve destination host
 
(Filename: /home/builduser/buildslave/unity/build/artifacts/generated/common/runtime/DebugBindings.gen.cpp Line: 51)

Cannot resolve destination host
 
(Filename: /home/builduser/buildslave/unity/build/artifacts/generated/common/runtime/DebugBindings.gen.cpp Line: 51)

Cannot resolve destination host
 
(Filename: /home/builduser/buildslave/unity/build/artifacts/generated/common/runtime/DebugBindings.gen.cpp Line: 51)

Cannot resolve destination host
 
(Filename: /home/builduser/buildslave/unity/build/artifacts/generated/common/runtime/DebugBindings.gen.cpp Line: 51)

Cannot resolve destination host
 
(Filename: /home/builduser/buildslave/unity/build/artifacts/generated/common/runtime/DebugBindings.gen.cpp Line: 51)

Cannot resolve destination host
 
(Filename: /home/builduser/buildslave/unity/build/artifacts/generated/common/runtime/DebugBindings.gen.cpp Line: 51)

Cannot resolve destination host
 
(Filename: /home/builduser/buildslave/unity/build/artifacts/generated/common/runtime/DebugBindings.gen.cpp Line: 51)

Cannot resolve destination host
 
(Filename: /home/builduser/buildslave/unity/build/artifacts/generated/common/runtime/DebugBindings.gen.cpp Line: 51)

Cannot resolve destination host
 
(Filename: /home/builduser/buildslave/unity/build/artifacts/generated/common/runtime/DebugBindings.gen.cpp Line: 51)

Cannot resolve destination host
 
(Filename: /home/builduser/buildslave/unity/build/artifacts/generated/common/runtime/DebugBindings.gen.cpp Line: 51)

Cannot resolve destination host
 
(Filename: /home/builduser/buildslave/unity/build/artifacts/generated/common/runtime/DebugBindings.gen.cpp Line: 51)

Unloading 5 Unused Serialized files (Serialized files now loaded: 0)
UnloadTime: 8.078000 ms

Unloading 22 unused Assets to reduce memory usage. Loaded Objects now: 2980.
Total: 2.861000 ms (FindLiveObjects: 0.571000 ms CreateObjectMapping: 0.094000 ms MarkObjects: 2.128000 ms  DeleteObjects: 0.068000 ms)

