[02/01/18, 18:58:35:525] info: ╔══════════════════════════════════════════════════════════════════════════════╗
[02/01/18, 18:58:35:526] info: ║      Slack 3.0.5, linux 4.14.14-1-ARCH on x64 at 02/01/18, 18:58:35:522      ║
[02/01/18, 18:58:35:526] info: ╚══════════════════════════════════════════════════════════════════════════════╝
[02/01/18, 18:58:35:763] info: Initializing local storage instance at path: /home/coc/.config/Slack/local-settings.json
[02/01/18, 18:58:35:998] info: TraceRecorder: setting up trace recorder, trace will be stored under /home/coc/.config/Slack/logs/recorded-trace
[02/01/18, 18:58:36:401] warn: BrowserStore: Couldn't access keychain, make note of it
[02/01/18, 18:58:36:410] info: Store: persist/REHYDRATE
[02/01/18, 18:58:36:412] info: initializeMainWindowEpic: Waiting for sign-in
[02/01/18, 18:58:36:412] info: NetworkStatus: Waiting for network online…
[02/01/18, 18:58:36:414] info: UpdaterEpics: Updates disabled because
{
  "reasons": [
    "using Linux"
  ]
}
[02/01/18, 18:58:36:443] error: Couldn't get Linux distro info
[02/01/18, 18:58:36:755] info: Tray Handler: Showing a tray balloon with title: Welcome to Slack!
[02/01/18, 18:58:36:768] info: Store: INITIALIZE_SETTINGS
{
  "releaseChannel": "prod",
  "platformVersion": {
    "major": 4,
    "minor": 14,
    "build": 14
  },
  "isTitleBarHidden": false,
  "isDevMode": false,
  "appVersion": "3.0.5",
  "versionName": "Around The World",
  "devEnv": null,
  "resourcePath": "/usr/lib/slack/resources/app.asar",
  "webappSrcPath": null,
  "webappParams": null,
  "launchOnStartup": false,
  "openDevToolsOnStart": false,
  "logFile": null,
  "pretendNotReallyWindows10": false,
  "isAeroGlassEnabled": false,
  "linux": {
    "os": "",
    "release": "",
    "desktopEnvironment": ""
  }
}
[02/01/18, 18:58:36:770] info: AutoLoginEpic: Checking for autologin.
[02/01/18, 18:58:36:770] info: AutoLoginEpic: Completed autologin processing — successfully logged in 0 workspaces.
[02/01/18, 18:58:36:771] info: Store: AUTOLOGIN_TEAMS_COMPLETE
[02/01/18, 18:58:36:771] info: signInNewTeamEpic: No teams signed in, showing sign-in window
[02/01/18, 18:58:36:784] info: SignInEpic: Loading URL in new window
{
  "signInUrl": "https://slack.com/signin"
}
[02/01/18, 18:58:36:793] info: Store: UPDATE_SETTINGS
{
  "hasRunApp": true
}
[02/01/18, 18:58:36:797] info: WebContentsMediator: Attaching to new webContents
[02/01/18, 18:58:36:799] info: Store: ADD_WINDOW
{
  "id": 2,
  "type": "main"
}
[02/01/18, 18:58:36:801] info: BrowserViewManager: Starting initialization
[02/01/18, 18:58:36:802] info: BrowserViewManager: Finished initialization
{
  "elapsed": 1
}
[02/01/18, 18:58:36:804] info: PersistSettingsWindowBehavior: Loading windowMetrics
{
  "settings": null
}
[02/01/18, 18:58:36:805] info: PersistSettingsWindowBehavior: Resetting to default window position
{
  "settings": {
    "position": [
      171,
      0
    ],
    "size": [
      1024,
      768
    ]
  }
}
[02/01/18, 18:58:36:805] info: Store: SAVE_WINDOW_SETTINGS
{
  "position": [
    171,
    0
  ],
  "size": [
    1024,
    768
  ]
}
[02/01/18, 18:58:36:822] info: Store: UPDATE_SETTINGS
{
  "PrefSSBFileDownloadPath": "/home/coc/Downloads"
}
[02/01/18, 18:58:36:824] info: DownloadListener: Downloads directory set to /home/coc/Downloads
[02/01/18, 18:58:36:825] info: Application: Setting main window ID
{
  "id": 2
}
[02/01/18, 18:58:36:826] info: App: Welcome to Slack 3.0.5 x64
[02/01/18, 18:58:36:826] info: App load time: 1506ms
[02/01/18, 18:58:36:914] info: Store: SET_FULL_SCREEN
[02/01/18, 18:58:37:318] info: NetworkStatus: Response from api.test
{
  "status": "online"
}
[02/01/18, 18:58:37:319] info: Store: SET_NETWORK_STATUS online
[02/01/18, 18:59:33:668] info: SignInEpic: Received team(s) from the webapp
[02/01/18, 18:59:33:668] info: SignInEpic: Got signal!
[02/01/18, 18:59:33:669] info: SignInEpic: Sign-in window closed
[02/01/18, 18:59:33:674] info: maybeQuitAppAction
{
  "canceledSignIn": false,
  "hasNoTeams": true
}
[02/01/18, 18:59:33:674] info: SignInEpic: End of the road
{
  "action": "ADD_NEW_TEAM"
}
[02/01/18, 18:59:33:674] info: Store: ADD_NEW_TEAM
{
  "id": "U929DABBP",
  "name": "[REDACTED]",
  "team_id": "T924QER4J",
  "team_name": "[REDACTED]",
  "team_url": "[REDACTED]"
}
[02/01/18, 18:59:33:681] info: BrowserViewManager: Creating views for 1 new teams
[02/01/18, 18:59:33:682] info: BrowserViewManager: Activating BrowserView
{
  "teamId": "T924QER4J"
}
[02/01/18, 18:59:33:682] info: BrowserViewManager: Creating BrowserView
{
  "teamId": "T924QER4J"
}
[02/01/18, 18:59:33:685] info: WebContentsMediator: Attaching to new webContents
[02/01/18, 18:59:33:689] info: BrowserViewManager: 
+-----------+------+-----+
|           | Full | Min |
|-----------+------+-----+
| T924QER4J | ✔    |     |
+-----------+------+-----+
[02/01/18, 18:59:33:690] info: Store: UPSERT_WEB_CONTENTS
{
  "id": 3,
  "teamId": "T924QER4J",
  "state": "unloaded"
}
[02/01/18, 18:59:33:709] info: BrowserViewManager: Activating BrowserView
{
  "teamId": "T924QER4J"
}
[02/01/18, 18:59:33:712] info: Store: FOREGROUND_APP
[02/01/18, 18:59:33:714] info: initializeMainWindowEpic: Showing main window
{
  "shouldMinimize": false,
  "shouldHide": false
}
[02/01/18, 18:59:33:715] info: Store: MAIN_WINDOW_SHOWN
[02/01/18, 18:59:34:720] info: Store: SAVE_WINDOW_SETTINGS
{
  "size": [
    1342,
    725
  ],
  "position": [
    12,
    31
  ],
  "isMaximized": false
}
[02/01/18, 18:59:41:839] info: WebContents LifeCycle: webContents:3 from 'unloaded' to 'loaded' took 8135 ms
[02/01/18, 18:59:41:840] info: Store: UPSERT_WEB_CONTENTS
{
  "id": 3,
  "state": "loaded",
  "teamId": "T924QER4J"
}
[02/01/18, 18:59:42:298] info: Store: SELECT_CHANNEL C924QEXGA
[02/01/18, 18:59:42:304] info: Store: UPDATE_TEAM_LOCALE
{
  "locale": "en-US",
  "teamId": "T924QER4J"
}
[02/01/18, 18:59:42:308] info: Store: UPDATE_SETTINGS
{
  "locale": "en-US"
}
[02/01/18, 18:59:42:351] info: Store: UPDATE_TEAM_THEME
{
  "teamId": "T924QER4J",
  "theme": {
    "active_item": "#4C9689",
    "active_item_text": "#FFFFFF",
    "active_presence": "#38978D",
    "badge": "#EB4D5C",
    "column_bg": "#4D394B",
    "hover_item": "#3E313C",
    "menu_bg": "#3E313C",
    "text_color": "#FFFFFF"
  }
}
[02/01/18, 18:59:42:872] info: Store: UPDATE_SESSION_STATUS
{
  "hasValidSession": true,
  "teamId": "T924QER4J"
}
[02/01/18, 18:59:43:067] info: Store: UPDATE_TEAM_ICONS
{
  "icons": false,
  "teamId": "T924QER4J"
}
[02/01/18, 18:59:43:172] info: Store: UPDATE_TEAM_LOCALE
{
  "locale": "en-US",
  "teamId": "T924QER4J"
}
[02/01/18, 18:59:43:207] info: WebContents LifeCycle: webContents:3 from 'loaded' to 'webapp-loaded' took 1369 ms
[02/01/18, 18:59:43:207] info: Store: UPSERT_WEB_CONTENTS
{
  "id": 3,
  "state": "webapp-loaded",
  "teamId": "T924QER4J"
}
[02/01/18, 18:59:43:296] info: Store: STORE_API_TOKEN
{
  "token": "xoxs-⋯",
  "teamId": "T924QER4J"
}
[02/01/18, 19:00:29:105] info: Store: SHOW_LOGIN_DIALOG
[02/01/18, 19:00:29:109] info: WebContentsMediator: Attaching to new webContents
[02/01/18, 19:00:29:112] info: SignInEpic: Loading URL in new window
{
  "signInUrl": "https://slack.com/signin"
}
[02/01/18, 19:01:54:913] info: Store: OPEN_CONTEXT_MENU
{
  "id": 4,
  "params": "[REDACTED]"
}
[02/01/18, 19:01:57:091] info: SignInEpic: Sign-in window closed
[02/01/18, 19:01:57:092] info: maybeQuitAppAction
{
  "canceledSignIn": true,
  "hasNoTeams": false
}
[02/01/18, 19:01:57:092] info: SignInEpic: End of the road
{
  "action": "none"
}
[02/01/18, 19:01:59:644] info: WindowCloseBehavior: Attempted to close the window, hiding due to run from tray
[02/01/18, 19:01:59:646] info: Store: UPDATE_SETTINGS
{
  "hasRunFromTray": true
}
[02/01/18, 19:01:59:650] info: Store: SHOW_TRAY_BALLOON
{
  "title": "Why didn’t Slack quit?",
  "content": "Slack’s set to stay running in the notification area. To change this, visit Preferences > Linux App."
}
[02/01/18, 19:01:59:653] info: Tray Handler: Showing a tray balloon with title: Why didn’t Slack quit?
[02/01/18, 19:01:59:709] info: Store: SET_FULL_SCREEN
[02/01/18, 20:20:11:127] info: Main: Received slack from another instance
[02/01/18, 20:20:11:128] info: App: Otherwise signaled, foregrounding.
[02/01/18, 20:20:11:128] info: Store: FOREGROUND_APP
[02/01/18, 20:32:54:942] info: WindowCloseBehavior: Attempted to close the window, hiding due to run from tray
[02/01/18, 20:54:49:973] info: Store: NEW_NOTIFICATION
{
  "avatarImage": "https://ca.slack-edge.com/T924QER4J-U936LV1U7-g11e87d45405-512",
  "channel": "C924QEXGA",
  "content": "[REDACTED]",
  "id": "N9jmhNhRqr5WwGN",
  "imageUri": null,
  "launchUri": "slack://channel?id=C924QEXGA&message=1517493289.000404&team=T924QER4J",
  "msg": "1517493289.000404",
  "silent": true,
  "subtitle": "",
  "teamId": "T924QER4J",
  "title": "[REDACTED]"
}
[02/01/18, 20:54:49:981] info: Creating new Electron notification.
[02/01/18, 20:54:54:389] info: Store: NEW_NOTIFICATION
{
  "avatarImage": "https://ca.slack-edge.com/T924QER4J-U936LV1U7-g11e87d45405-512",
  "channel": "C924QEXGA",
  "content": "[REDACTED]",
  "id": "7LzrhziNjqMGXY4",
  "imageUri": null,
  "launchUri": "slack://channel?id=C924QEXGA&message=1517493293.000690&team=T924QER4J",
  "msg": "1517493293.000690",
  "silent": true,
  "subtitle": "",
  "teamId": "T924QER4J",
  "title": "[REDACTED]"
}
[02/01/18, 20:54:54:390] info: Creating new Electron notification.
[02/01/18, 20:54:59:759] info: Store: NEW_NOTIFICATION
{
  "avatarImage": "https://ca.slack-edge.com/T924QER4J-U936LV1U7-g11e87d45405-512",
  "channel": "C924QEXGA",
  "content": "[REDACTED]",
  "id": "JqAgspsLZvP90Z7",
  "imageUri": null,
  "launchUri": "slack://channel?id=C924QEXGA&message=1517493299.000311&team=T924QER4J",
  "msg": "1517493299.000311",
  "silent": true,
  "subtitle": "",
  "teamId": "T924QER4J",
  "title": "[REDACTED]"
}
[02/01/18, 20:54:59:761] info: Creating new Electron notification.
[02/01/18, 20:55:15:550] info: Main: Received slack from another instance
[02/01/18, 20:55:15:550] info: App: Otherwise signaled, foregrounding.
[02/01/18, 20:55:15:551] info: Store: FOREGROUND_APP
[02/01/18, 20:59:12:176] info: Store: NEW_NOTIFICATION
{
  "avatarImage": "https://ca.slack-edge.com/T924QER4J-U936LV1U7-g11e87d45405-512",
  "channel": "C924QEXGA",
  "content": "[REDACTED]",
  "id": "OyknI2tryPZmZ5q",
  "imageUri": null,
  "launchUri": "slack://channel?id=C924QEXGA&message=1517493551.000428&team=T924QER4J",
  "msg": "1517493551.000428",
  "silent": true,
  "subtitle": "",
  "teamId": "T924QER4J",
  "title": "[REDACTED]"
}
[02/01/18, 20:59:12:179] info: Creating new Electron notification.
[02/01/18, 20:59:36:625] info: WindowCloseBehavior: Attempted to close the window, hiding due to run from tray
[02/01/18, 20:59:39:860] info: Store: NEW_NOTIFICATION
{
  "avatarImage": "https://ca.slack-edge.com/T924QER4J-U936LV1U7-g11e87d45405-512",
  "channel": "C924QEXGA",
  "content": "[REDACTED]",
  "id": "PZloh3ujq6wAypW",
  "imageUri": null,
  "launchUri": "slack://channel?id=C924QEXGA&message=1517493579.000204&team=T924QER4J",
  "msg": "1517493579.000204",
  "silent": true,
  "subtitle": "",
  "teamId": "T924QER4J",
  "title": "[REDACTED]"
}
[02/01/18, 20:59:39:862] info: Creating new Electron notification.
