Desktop is 1366 x 768 @ 60 Hz
New context 0x46707e0 created with attributes:
Initialize engine version: 2017.1.1xf1Linux (f4fc8fd4067d)
GfxDevice: creating device client; threaded=1
Renderer: Mesa DRI Intel(R) Ivybridge Mobile 
Vendor:   Intel Open Source Technology Center
Version:  4.2 (Core Profile) Mesa 17.3.6
GLES:     0
 GL_3DFX_texture_compression_FXT1 GL_AMD_conservative_depth GL_AMD_draw_buffers_blend GL_AMD_seamless_cubemap_per_texture GL_AMD_shader_trinary_minmax GL_AMD_vertex_shader_layer GL_AMD_vertex_shader_viewport_index GL_ANGLE_texture_compression_dxt3 GL_ANGLE_texture_compression_dxt5 GL_APPLE_object_purgeable GL_ARB_ES2_compatibility GL_ARB_ES3_compatibility GL_ARB_arrays_of_arrays GL_ARB_base_instance GL_ARB_blend_func_extended GL_ARB_buffer_storage GL_ARB_clear_buffer_object GL_ARB_clear_texture GL_ARB_clip_control GL_ARB_compressed_texture_pixel_storage GL_ARB_compute_shader GL_ARB_conditional_render_inverted GL_ARB_conservative_depth GL_ARB_copy_buffer GL_ARB_copy_image GL_ARB_cull_distance GL_ARB_debug_output GL_ARB_depth_buffer_float GL_ARB_depth_clamp GL_ARB_derivative_control GL_ARB_direct_state_access GL_ARB_draw_buffers GL_ARB_draw_buffers_blend GL_ARB_draw_elements_base_vertex GL_ARB_draw_indirect GL_ARB_draw_instanced GL_ARB_enhanced_layouts GL_ARB_explicit_attrib_location GL_ARB_explicit_uniform_lo
cation GL_ARB_fragment_coord_conventions GL_ARB_fragment_layer_viewport GL_ARB_fragment_shader GL_ARB_framebuffer_no_attachments GL_ARB_framebuffer_object GL_ARB_framebuffer_sRGB GL_ARB_get_program_binary GL_ARB_get_texture_sub_image GL_ARB_gpu_shader5 GL_ARB_gpu_shader_fp64 GL_ARB_half_float_pixel GL_ARB_half_float_vertex GL_ARB_indirect_parameters GL_ARB_instanced_arrays GL_ARB_internalformat_query GL_ARB_internalformat_query2 GL_ARB_invalidate_subdata GL_ARB_map_buffer_alignment GL_ARB_map_buffer_range GL_ARB_multi_bind GL_ARB_multi_draw_indirect GL_ARB_occlusion_query2 GL_ARB_pipeline_statistics_query GL_ARB_pixel_buffer_object GL_ARB_point_sprite GL_ARB_polygon_offset_clamp GL_ARB_program_interface_query GL_ARB_provoking_vertex GL_ARB_robustness GL_ARB_sample_shading GL_ARB_sampler_objects GL_ARB_seamless_cube_map GL_ARB_seamless_cubemap_per_texture GL_ARB_separate_shader_objects GL_ARB_shader_atomic_counter_ops GL_ARB_shader_atomic_counters GL_ARB_shader_bit_encoding GL_ARB_shader_clock GL_ARB_shader_d
raw_parameters GL_ARB_shader_group_vote GL_ARB_shader_image_load_store GL_ARB_shader_image_size GL_ARB_shader_objects GL_ARB_shader_precision GL_ARB_shader_storage_buffer_object GL_ARB_shader_subroutine GL_ARB_shader_texture_image_samples GL_ARB_shader_texture_lod GL_ARB_shader_viewport_layer_array GL_ARB_shading_language_420pack GL_ARB_shading_language_packing GL_ARB_sync GL_ARB_tessellation_shader GL_ARB_texture_barrier GL_ARB_texture_buffer_object GL_ARB_texture_buffer_object_rgb32 GL_ARB_texture_buffer_range GL_ARB_texture_compression_bptc GL_ARB_texture_compression_rgtc GL_ARB_texture_cube_map_array GL_ARB_texture_filter_anisotropic GL_ARB_texture_float GL_ARB_texture_gather GL_ARB_texture_mirror_clamp_to_edge GL_ARB_texture_multisample GL_ARB_texture_non_power_of_two GL_ARB_texture_query_levels GL_ARB_texture_query_lod GL_ARB_texture_rectangle GL_ARB_texture_rg GL_ARB_texture_rgb10_a2ui GL_ARB_texture_storage GL_ARB_texture_storage_multisample GL_ARB_texture_swizzle GL_ARB_texture_view GL_ARB_timer_que
ry GL_ARB_transform_feedback2 GL_ARB_transform_feedback3 GL_ARB_transform_feedback_instanced GL_ARB_transform_feedback_overflow_query GL_ARB_uniform_buffer_object GL_ARB_vertex_array_bgra GL_ARB_vertex_array_object GL_ARB_vertex_attrib_64bit GL_ARB_vertex_attrib_binding GL_ARB_vertex_shader GL_ARB_vertex_type_10f_11f_11f_rev GL_ARB_vertex_type_2_10_10_10_rev GL_ARB_viewport_array GL_ATI_blend_equation_separate GL_ATI_texture_float GL_EXT_abgr GL_EXT_blend_equation_separate GL_EXT_draw_buffers2 GL_EXT_draw_instanced GL_EXT_framebuffer_blit GL_EXT_framebuffer_multisample GL_EXT_framebuffer_multisample_blit_scaled GL_EXT_framebuffer_sRGB GL_EXT_packed_depth_stencil GL_EXT_packed_float GL_EXT_pixel_buffer_object GL_EXT_polygon_offset_clamp GL_EXT_provoking_vertex GL_EXT_shader_integer_mix GL_EXT_shader_samples_identical GL_EXT_texture_array GL_EXT_texture_compression_dxt1 GL_EXT_texture_compression_rgtc GL_EXT_texture_compression_s3tc GL_EXT_texture_filter_anisotropic GL_EXT_texture_integer GL_EXT_texture_sRGB G
L_EXT_texture_sRGB_decode GL_EXT_texture_shared_exponent GL_EXT_texture_snorm GL_EXT_texture_swizzle GL_EXT_timer_query GL_EXT_transform_feedback GL_EXT_vertex_array_bgra GL_IBM_multimode_draw_arrays GL_INTEL_performance_query GL_KHR_blend_equation_advanced GL_KHR_context_flush_control GL_KHR_debug GL_KHR_no_error GL_KHR_robustness GL_MESA_pack_invert GL_MESA_shader_integer_functions GL_MESA_texture_signed_rgba GL_NV_conditional_render GL_NV_depth_clamp GL_NV_packed_depth_stencil GL_NV_texture_barrier GL_OES_EGL_image GL_S3_s3tc
OPENGL LOG: Creating OpenGL 4.2 graphics device ; Context level  <OpenGL 4.2> ; Context handle 73861088
WARNING: Shader Unsupported: 'turing/vegitation' - Pass 'FORWARD' has no vertex shader
WARNING: Shader Unsupported: 'turing/vegitation' - Pass 'FORWARD' has no vertex shader
WARNING: Shader Unsupported: 'turing/vegitation' - Pass 'DEFERRED' has no vertex shader
WARNING: Shader Unsupported: 'turing/vegitation' - Pass 'SHADOWCASTER' has no vertex shader
WARNING: Shader Unsupported: 'turing/vegitation' - Pass 'META' has no vertex shader
WARNING: Shader Unsupported: 'turing/vegitation' - All passes removed
AudioManager: Using PulseAudio: Default Output Device
Begin MonoManager ReloadAssembly
Platform assembly: /mnt/steam/steamapps/common/Clawface_Build/Clawface_Data/Managed/UnityEngine.dll (this message is harmless)
Loading /mnt/steam/steamapps/common/Clawface_Build/Clawface_Data/Managed/UnityEngine.dll into Unity Child Domain
Platform assembly: /mnt/steam/steamapps/common/Clawface_Build/Clawface_Data/Managed/Assembly-CSharp-firstpass.dll (this message is harmless)
Loading /mnt/steam/steamapps/common/Clawface_Build/Clawface_Data/Managed/Assembly-CSharp-firstpass.dll into Unity Child Domain
Platform assembly: /mnt/steam/steamapps/common/Clawface_Build/Clawface_Data/Managed/Assembly-CSharp.dll (this message is harmless)
Loading /mnt/steam/steamapps/common/Clawface_Build/Clawface_Data/Managed/Assembly-CSharp.dll into Unity Child Domain
Platform assembly: /mnt/steam/steamapps/common/Clawface_Build/Clawface_Data/Managed/UnityEngine.UI.dll (this message is harmless)
Loading /mnt/steam/steamapps/common/Clawface_Build/Clawface_Data/Managed/UnityEngine.UI.dll into Unity Child Domain
Platform assembly: /mnt/steam/steamapps/common/Clawface_Build/Clawface_Data/Managed/UnityEngine.Networking.dll (this message is harmless)
Loading /mnt/steam/steamapps/common/Clawface_Build/Clawface_Data/Managed/UnityEngine.Networking.dll into Unity Child Domain
Platform assembly: /mnt/steam/steamapps/common/Clawface_Build/Clawface_Data/Managed/UnityEngine.Timeline.dll (this message is harmless)
Loading /mnt/steam/steamapps/common/Clawface_Build/Clawface_Data/Managed/UnityEngine.Timeline.dll into Unity Child Domain
Platform assembly: /mnt/steam/steamapps/common/Clawface_Build/Clawface_Data/Managed/UnityEngine.Analytics.dll (this message is harmless)
Loading /mnt/steam/steamapps/common/Clawface_Build/Clawface_Data/Managed/UnityEngine.Analytics.dll into Unity Child Domain
Platform assembly: /mnt/steam/steamapps/common/Clawface_Build/Clawface_Data/Managed/Rewired_Linux_Lib.dll (this message is harmless)
Loading /mnt/steam/steamapps/common/Clawface_Build/Clawface_Data/Managed/Rewired_Linux_Lib.dll into Unity Child Domain
Platform assembly: /mnt/steam/steamapps/common/Clawface_Build/Clawface_Data/Managed/Rewired_Core.dll (this message is harmless)
Loading /mnt/steam/steamapps/common/Clawface_Build/Clawface_Data/Managed/Rewired_Core.dll into Unity Child Domain
Platform assembly: /mnt/steam/steamapps/common/Clawface_Build/Clawface_Data/Managed/System.dll (this message is harmless)
Platform assembly: /mnt/steam/steamapps/common/Clawface_Build/Clawface_Data/Managed/System.Core.dll (this message is harmless)
- Completed reload, in  0.040 seconds
New context 0x8507310 created with attributes:
Default vsync count 1
requesting resize -1 x -1
Using native desktop resolution 1366 x 768
requesting fullscreen 1366 x 768 at 0 Hz
Desktop is 1366 x 768 @ 60 Hz
UnloadTime: 3.297000 ms
DontDestroyOnLoad only work for root GameObjects or components on root GameObjects.
 
(Filename:  Line: 481)

DontDestroyOnLoad only work for root GameObjects or components on root GameObjects.
 
(Filename:  Line: 481)

DontDestroyOnLoad only work for root GameObjects or components on root GameObjects.
 
(Filename:  Line: 481)

DontDestroyOnLoad only work for root GameObjects or components on root GameObjects.
 
(Filename:  Line: 481)

DontDestroyOnLoad only work for root GameObjects or components on root GameObjects.
 
(Filename:  Line: 481)

Non platform assembly: data-0xbf5f9d0 (this message is harmless)
Fallback handler could not load library /mnt/steam/steamapps/common/Clawface_Build/Clawface_Data/Mono/x86_64/data-0xbf5f9d0.so
Non platform assembly: data-0xbfa2e60 (this message is harmless)
Fallback handler could not load library /mnt/steam/steamapps/common/Clawface_Build/Clawface_Data/Mono/x86_64/data-0xbfa2e60.so
Non platform assembly: data-0xbfbbd30 (this message is harmless)
Fallback handler could not load library /mnt/steam/steamapps/common/Clawface_Build/Clawface_Data/Mono/x86_64/data-0xbfbbd30.so
Fallback handler could not load library /mnt/steam/steamapps/common/Clawface_Build/Clawface_Data/Mono/x86_64/libsteam_api
Platform assembly: /mnt/steam/steamapps/common/Clawface_Build/Clawface_Data/Managed/System.Xml.dll (this message is harmless)
DontDestroyOnLoad only work for root GameObjects or components on root GameObjects.
 
(Filename:  Line: 481)

DontDestroyOnLoad only work for root GameObjects or components on root GameObjects.
 
(Filename:  Line: 481)

DontDestroyOnLoad only work for root GameObjects or components on root GameObjects.
 
(Filename:  Line: 481)

DontDestroyOnLoad only work for root GameObjects or components on root GameObjects.
 
(Filename:  Line: 481)

DontDestroyOnLoad only work for root GameObjects or components on root GameObjects.
 
(Filename:  Line: 481)

DontDestroyOnLoad only work for root GameObjects or components on root GameObjects.
 
(Filename:  Line: 481)

DontDestroyOnLoad only work for root GameObjects or components on root GameObjects.
 
(Filename:  Line: 481)

DontDestroyOnLoad only work for root GameObjects or components on root GameObjects.
 
(Filename:  Line: 481)

DontDestroyOnLoad only work for root GameObjects or components on root GameObjects.
 
(Filename:  Line: 481)

DontDestroyOnLoad only work for root GameObjects or components on root GameObjects.
 
(Filename:  Line: 481)

DontDestroyOnLoad only work for root GameObjects or components on root GameObjects.
 
(Filename:  Line: 481)

DontDestroyOnLoad only work for root GameObjects or components on root GameObjects.
 
(Filename:  Line: 481)

DontDestroyOnLoad only work for root GameObjects or components on root GameObjects.
 
(Filename:  Line: 481)

DontDestroyOnLoad only work for root GameObjects or components on root GameObjects.
 
(Filename:  Line: 481)

DontDestroyOnLoad only work for root GameObjects or components on root GameObjects.
 
(Filename:  Line: 481)

Desktop is 1366 x 768 @ 60 Hz
Put a GameObject named 'RespawnPoint' in your scene!!!
 
(Filename: /home/builduser/buildslave/unity/build/artifacts/generated/common/runtime/DebugBindings.gen.cpp Line: 51)

Setting up 2 worker threads for Enlighten.
  Thread -> id: 7f420d852700 -> priority: 1 
  Thread -> id: 7f420d051700 -> priority: 1 
requesting resize 1366 x 768
Using native desktop resolution 1366 x 768
requesting fullscreen 1366 x 768 at 0 Hz
Desktop is 1366 x 768 @ 60 Hz
Unloading 6 Unused Serialized files (Serialized files now loaded: 0)
UnloadTime: 341.298000 ms
Destroying duplicate singleton ServiceWrangler!
 
(Filename: /home/builduser/buildslave/unity/build/artifacts/generated/common/runtime/DebugBindings.gen.cpp Line: 51)


Unloading 9 unused Assets to reduce memory usage. Loaded Objects now: 268625.
Total: 194.312000 ms (FindLiveObjects: 21.150000 ms CreateObjectMapping: 1.921000 ms MarkObjects: 170.905000 ms  DeleteObjects: 0.335000 ms)

Unloading 5 Unused Serialized files (Serialized files now loaded: 0)
UnloadTime: 25.450000 ms
Destroying duplicate singleton ServiceWrangler!
 
(Filename: /home/builduser/buildslave/unity/build/artifacts/generated/common/runtime/DebugBindings.gen.cpp Line: 51)

-------- Shader compilation failed
#version 330
#extension GL_ARB_explicit_attrib_location : require
#extension GL_OVR_multiview2 : require
layout(std140) uniform UnityPerDraw {
	vec4 hlslcc_mtx4x4unity_ObjectToWorld[4];
	vec4 hlslcc_mtx4x4unity_WorldToObject[4];
	vec4 unity_LODFade;
	vec4 unity_WorldTransformParams;
};
layout(std140) uniform UnityStereoGlobals {
	vec4 hlslcc_mtx4x4unity_StereoMatrixP[8];
	vec4 hlslcc_mtx4x4unity_StereoMatrixV[8];
	vec4 hlslcc_mtx4x4unity_StereoMatrixInvV[8];
	vec4 hlslcc_mtx4x4unity_StereoMatrixVP[8];
	vec4 hlslcc_mtx4x4unity_StereoCameraProjection[8];
	vec4 hlslcc_mtx4x4unity_StereoCameraInvProjection[8];
	vec4 hlslcc_mtx4x4unity_StereoWorldToCamera[8];
	vec4 hlslcc_mtx4x4unity_StereoCameraToWorld[8];
	vec3 unity_StereoWorldSpaceCameraPos[2];
	vec4 unity_StereoScaleOffset[2];
};
layout(std140) uniform UnityStereoEyeIndices {
	vec4 unity_StereoEyeIndices[2];
};
layout(num_views = 2) in;
in  vec4 in_POSITION0;
in  vec4 in_COLOR0;
out vec4 vs_COLOR0;
out float vs_BLENDWEIGHT0;
vec4 u_xlat0;
uint u_xlatu0;
int u_xlati1;
vec4 u_xlat2;
void main()
{
    u_xlat0 = in_POSITION0.yyyy * hlslcc_mtx4x4unity_ObjectToWorld[1];
    u_xlat0 = hlslcc_mtx4x4unity_ObjectToWorld[0] * in_POSITION0.xxxx + u_xlat0;
    u_xlat0 = hlslcc_mtx4x4unity_ObjectToWorld[2] * in_POSITION0.zzzz + u_xlat0;
    u_xlat0 = u_xlat0 + hlslcc_mtx4x4unity_ObjectToWorld[3];
    u_xlati1 = int(gl_ViewID_OVR) << 2;
    u_xlat2 = u_xlat0.yyyy * hlslcc_mtx4x4unity_StereoMatrixVP[u_xlati1 + 1];
    u_xlat2 = hlslcc_mtx4x4unity_StereoMatrixVP[u_xlati1] * u_xlat0.xxxx + u_xlat2;
    u_xlat2 = hlslcc_mtx4x4unity_StereoMatrixVP[u_xlati1 + 2] * u_xlat0.zzzz + u_xlat2;
    gl_Position = hlslcc_mtx4x4unity_StereoMatrixVP[u_xlati1 + 3] * u_xlat0.wwww + u_xlat2;
    vs_COLOR0 = in_COLOR0;
    u_xlatu0 = gl_ViewID_OVR;
    vs_BLENDWEIGHT0 = unity_StereoEyeIndices[int(u_xlatu0)].x;
    return;
}
-------- failed compiling:
vertex shader
0:3(12): error: extension `GL_OVR_multiview2' unsupported in vertex shader

Note: Creation of internal variant of shader 'Hidden/InternalClear' failed.
-------- Shader compilation failed
#version 330
#extension GL_ARB_explicit_attrib_location : require
#extension GL_OVR_multiview2 : require
layout(std140) uniform UnityPerDraw {
	vec4 hlslcc_mtx4x4unity_ObjectToWorld[4];
	vec4 hlslcc_mtx4x4unity_WorldToObject[4];
	vec4 unity_LODFade;
	vec4 unity_WorldTransformParams;
};
layout(std140) uniform UnityStereoGlobals {
	vec4 hlslcc_mtx4x4unity_StereoMatrixP[8];
	vec4 hlslcc_mtx4x4unity_StereoMatrixV[8];
	vec4 hlslcc_mtx4x4unity_StereoMatrixInvV[8];
	vec4 hlslcc_mtx4x4unity_StereoMatrixVP[8];
	vec4 hlslcc_mtx4x4unity_StereoCameraProjection[8];
	vec4 hlslcc_mtx4x4unity_StereoCameraInvProjection[8];
	vec4 hlslcc_mtx4x4unity_StereoWorldToCamera[8];
	vec4 hlslcc_mtx4x4unity_StereoCameraToWorld[8];
	vec3 unity_StereoWorldSpaceCameraPos[2];
	vec4 unity_StereoScaleOffset[2];
};
layout(std140) uniform UnityStereoEyeIndices {
	vec4 unity_StereoEyeIndices[2];
};
layout(num_views = 2) in;
in  vec4 in_POSITION0;
in  vec4 in_COLOR0;
out vec4 vs_COLOR0;
out float vs_BLENDWEIGHT0;
vec4 u_xlat0;
uint u_xlatu0;
int u_xlati1;
vec4 u_xlat2;
void main()
{
    u_xlat0 = in_POSITION0.yyyy * hlslcc_mtx4x4unity_ObjectToWorld[1];
    u_xlat0 = hlslcc_mtx4x4unity_ObjectToWorld[0] * in_POSITION0.xxxx + u_xlat0;
    u_xlat0 = hlslcc_mtx4x4unity_ObjectToWorld[2] * in_POSITION0.zzzz + u_xlat0;
    u_xlat0 = u_xlat0 + hlslcc_mtx4x4unity_ObjectToWorld[3];
    u_xlati1 = int(gl_ViewID_OVR) << 2;
    u_xlat2 = u_xlat0.yyyy * hlslcc_mtx4x4unity_StereoMatrixVP[u_xlati1 + 1];
    u_xlat2 = hlslcc_mtx4x4unity_StereoMatrixVP[u_xlati1] * u_xlat0.xxxx + u_xlat2;
    u_xlat2 = hlslcc_mtx4x4unity_StereoMatrixVP[u_xlati1 + 2] * u_xlat0.zzzz + u_xlat2;
    gl_Position = hlslcc_mtx4x4unity_StereoMatrixVP[u_xlati1 + 3] * u_xlat0.wwww + u_xlat2;
    vs_COLOR0 = in_COLOR0;
    u_xlatu0 = gl_ViewID_OVR;
    vs_BLENDWEIGHT0 = unity_StereoEyeIndices[int(u_xlatu0)].x;
    return;
}
-------- failed compiling:
vertex shader
0:3(12): error: extension `GL_OVR_multiview2' unsupported in vertex shader

Note: Creation of internal variant of shader 'Hidden/InternalClear' failed.
-------- Shader compilation failed
#version 330
#extension GL_ARB_explicit_attrib_location : require
#extension GL_OVR_multiview2 : require
layout(std140) uniform UnityPerDraw {
	vec4 hlslcc_mtx4x4unity_ObjectToWorld[4];
	vec4 hlslcc_mtx4x4unity_WorldToObject[4];
	vec4 unity_LODFade;
	vec4 unity_WorldTransformParams;
};
layout(std140) uniform UnityStereoGlobals {
	vec4 hlslcc_mtx4x4unity_StereoMatrixP[8];
	vec4 hlslcc_mtx4x4unity_StereoMatrixV[8];
	vec4 hlslcc_mtx4x4unity_StereoMatrixInvV[8];
	vec4 hlslcc_mtx4x4unity_StereoMatrixVP[8];
	vec4 hlslcc_mtx4x4unity_StereoCameraProjection[8];
	vec4 hlslcc_mtx4x4unity_StereoCameraInvProjection[8];
	vec4 hlslcc_mtx4x4unity_StereoWorldToCamera[8];
	vec4 hlslcc_mtx4x4unity_StereoCameraToWorld[8];
	vec3 unity_StereoWorldSpaceCameraPos[2];
	vec4 unity_StereoScaleOffset[2];
};
layout(std140) uniform UnityStereoEyeIndices {
	vec4 unity_StereoEyeIndices[2];
};
layout(num_views = 2) in;
in  vec4 in_POSITION0;
in  vec4 in_COLOR0;
out vec4 vs_COLOR0;
out float vs_BLENDWEIGHT0;
vec4 u_xlat0;
uint u_xlatu0;
int u_xlati1;
vec4 u_xlat2;
void main()
{
    u_xlat0 = in_POSITION0.yyyy * hlslcc_mtx4x4unity_ObjectToWorld[1];
    u_xlat0 = hlslcc_mtx4x4unity_ObjectToWorld[0] * in_POSITION0.xxxx + u_xlat0;
    u_xlat0 = hlslcc_mtx4x4unity_ObjectToWorld[2] * in_POSITION0.zzzz + u_xlat0;
    u_xlat0 = u_xlat0 + hlslcc_mtx4x4unity_ObjectToWorld[3];
    u_xlati1 = int(gl_ViewID_OVR) << 2;
    u_xlat2 = u_xlat0.yyyy * hlslcc_mtx4x4unity_StereoMatrixVP[u_xlati1 + 1];
    u_xlat2 = hlslcc_mtx4x4unity_StereoMatrixVP[u_xlati1] * u_xlat0.xxxx + u_xlat2;
    u_xlat2 = hlslcc_mtx4x4unity_StereoMatrixVP[u_xlati1 + 2] * u_xlat0.zzzz + u_xlat2;
    gl_Position = hlslcc_mtx4x4unity_StereoMatrixVP[u_xlati1 + 3] * u_xlat0.wwww + u_xlat2;
    vs_COLOR0 = in_COLOR0;
    u_xlatu0 = gl_ViewID_OVR;
    vs_BLENDWEIGHT0 = unity_StereoEyeIndices[int(u_xlatu0)].x;
    return;
}
-------- failed compiling:
vertex shader
0:3(12): error: extension `GL_OVR_multiview2' unsupported in vertex shader

Note: Creation of internal variant of shader 'Hidden/InternalClear' failed.
-------- Shader compilation failed
#version 330
#extension GL_ARB_explicit_attrib_location : require
#extension GL_OVR_multiview2 : require
layout(std140) uniform UnityPerDraw {
	vec4 hlslcc_mtx4x4unity_ObjectToWorld[4];
	vec4 hlslcc_mtx4x4unity_WorldToObject[4];
	vec4 unity_LODFade;
	vec4 unity_WorldTransformParams;
};
layout(std140) uniform UnityStereoGlobals {
	vec4 hlslcc_mtx4x4unity_StereoMatrixP[8];
	vec4 hlslcc_mtx4x4unity_StereoMatrixV[8];
	vec4 hlslcc_mtx4x4unity_StereoMatrixInvV[8];
	vec4 hlslcc_mtx4x4unity_StereoMatrixVP[8];
	vec4 hlslcc_mtx4x4unity_StereoCameraProjection[8];
	vec4 hlslcc_mtx4x4unity_StereoCameraInvProjection[8];
	vec4 hlslcc_mtx4x4unity_StereoWorldToCamera[8];
	vec4 hlslcc_mtx4x4unity_StereoCameraToWorld[8];
	vec3 unity_StereoWorldSpaceCameraPos[2];
	vec4 unity_StereoScaleOffset[2];
};
layout(std140) uniform UnityStereoEyeIndices {
	vec4 unity_StereoEyeIndices[2];
};
layout(num_views = 2) in;
in  vec4 in_POSITION0;
in  vec4 in_COLOR0;
out vec4 vs_COLOR0;
out float vs_BLENDWEIGHT0;
vec4 u_xlat0;
uint u_xlatu0;
int u_xlati1;
vec4 u_xlat2;
void main()
{
    u_xlat0 = in_POSITION0.yyyy * hlslcc_mtx4x4unity_ObjectToWorld[1];
    u_xlat0 = hlslcc_mtx4x4unity_ObjectToWorld[0] * in_POSITION0.xxxx + u_xlat0;
    u_xlat0 = hlslcc_mtx4x4unity_ObjectToWorld[2] * in_POSITION0.zzzz + u_xlat0;
    u_xlat0 = u_xlat0 + hlslcc_mtx4x4unity_ObjectToWorld[3];
    u_xlati1 = int(gl_ViewID_OVR) << 2;
    u_xlat2 = u_xlat0.yyyy * hlslcc_mtx4x4unity_StereoMatrixVP[u_xlati1 + 1];
    u_xlat2 = hlslcc_mtx4x4unity_StereoMatrixVP[u_xlati1] * u_xlat0.xxxx + u_xlat2;
    u_xlat2 = hlslcc_mtx4x4unity_StereoMatrixVP[u_xlati1 + 2] * u_xlat0.zzzz + u_xlat2;
    gl_Position = hlslcc_mtx4x4unity_StereoMatrixVP[u_xlati1 + 3] * u_xlat0.wwww + u_xlat2;
    vs_COLOR0 = in_COLOR0;
    u_xlatu0 = gl_ViewID_OVR;
    vs_BLENDWEIGHT0 = unity_StereoEyeIndices[int(u_xlatu0)].x;
    return;
}
-------- failed compiling:
vertex shader
0:3(12): error: extension `GL_OVR_multiview2' unsupported in vertex shader

Note: Creation of internal variant of shader 'Hidden/InternalClear' failed.
-------- Shader compilation failed
#version 330
#extension GL_ARB_explicit_attrib_location : require
#extension GL_OVR_multiview2 : require
layout(std140) uniform UnityPerDraw {
	vec4 hlslcc_mtx4x4unity_ObjectToWorld[4];
	vec4 hlslcc_mtx4x4unity_WorldToObject[4];
	vec4 unity_LODFade;
	vec4 unity_WorldTransformParams;
};
layout(std140) uniform UnityStereoGlobals {
	vec4 hlslcc_mtx4x4unity_StereoMatrixP[8];
	vec4 hlslcc_mtx4x4unity_StereoMatrixV[8];
	vec4 hlslcc_mtx4x4unity_StereoMatrixInvV[8];
	vec4 hlslcc_mtx4x4unity_StereoMatrixVP[8];
	vec4 hlslcc_mtx4x4unity_StereoCameraProjection[8];
	vec4 hlslcc_mtx4x4unity_StereoCameraInvProjection[8];
	vec4 hlslcc_mtx4x4unity_StereoWorldToCamera[8];
	vec4 hlslcc_mtx4x4unity_StereoCameraToWorld[8];
	vec3 unity_StereoWorldSpaceCameraPos[2];
	vec4 unity_StereoScaleOffset[2];
};
layout(std140) uniform UnityStereoEyeIndices {
	vec4 unity_StereoEyeIndices[2];
};
layout(num_views = 2) in;
in  vec4 in_POSITION0;
in  vec4 in_COLOR0;
out vec4 vs_COLOR0;
out float vs_BLENDWEIGHT0;
vec4 u_xlat0;
uint u_xlatu0;
int u_xlati1;
vec4 u_xlat2;
void main()
{
    u_xlat0 = in_POSITION0.yyyy * hlslcc_mtx4x4unity_ObjectToWorld[1];
    u_xlat0 = hlslcc_mtx4x4unity_ObjectToWorld[0] * in_POSITION0.xxxx + u_xlat0;
    u_xlat0 = hlslcc_mtx4x4unity_ObjectToWorld[2] * in_POSITION0.zzzz + u_xlat0;
    u_xlat0 = u_xlat0 + hlslcc_mtx4x4unity_ObjectToWorld[3];
    u_xlati1 = int(gl_ViewID_OVR) << 2;
    u_xlat2 = u_xlat0.yyyy * hlslcc_mtx4x4unity_StereoMatrixVP[u_xlati1 + 1];
    u_xlat2 = hlslcc_mtx4x4unity_StereoMatrixVP[u_xlati1] * u_xlat0.xxxx + u_xlat2;
    u_xlat2 = hlslcc_mtx4x4unity_StereoMatrixVP[u_xlati1 + 2] * u_xlat0.zzzz + u_xlat2;
    gl_Position = hlslcc_mtx4x4unity_StereoMatrixVP[u_xlati1 + 3] * u_xlat0.wwww + u_xlat2;
    vs_COLOR0 = in_COLOR0;
    u_xlatu0 = gl_ViewID_OVR;
    vs_BLENDWEIGHT0 = unity_StereoEyeIndices[int(u_xlatu0)].x;
    return;
}
-------- failed compiling:
vertex shader
0:3(12): error: extension `GL_OVR_multiview2' unsupported in vertex shader

Note: Creation of internal variant of shader 'Hidden/InternalClear' failed.
-------- Shader compilation failed
#version 330
#extension GL_ARB_explicit_attrib_location : require
#extension GL_OVR_multiview2 : require
layout(std140) uniform UnityPerDraw {
	vec4 hlslcc_mtx4x4unity_ObjectToWorld[4];
	vec4 hlslcc_mtx4x4unity_WorldToObject[4];
	vec4 unity_LODFade;
	vec4 unity_WorldTransformParams;
};
layout(std140) uniform UnityStereoGlobals {
	vec4 hlslcc_mtx4x4unity_StereoMatrixP[8];
	vec4 hlslcc_mtx4x4unity_StereoMatrixV[8];
	vec4 hlslcc_mtx4x4unity_StereoMatrixInvV[8];
	vec4 hlslcc_mtx4x4unity_StereoMatrixVP[8];
	vec4 hlslcc_mtx4x4unity_StereoCameraProjection[8];
	vec4 hlslcc_mtx4x4unity_StereoCameraInvProjection[8];
	vec4 hlslcc_mtx4x4unity_StereoWorldToCamera[8];
	vec4 hlslcc_mtx4x4unity_StereoCameraToWorld[8];
	vec3 unity_StereoWorldSpaceCameraPos[2];
	vec4 unity_StereoScaleOffset[2];
};
layout(std140) uniform UnityStereoEyeIndices {
	vec4 unity_StereoEyeIndices[2];
};
layout(num_views = 2) in;
in  vec4 in_POSITION0;
in  vec4 in_COLOR0;
out vec4 vs_COLOR0;
out float vs_BLENDWEIGHT0;
vec4 u_xlat0;
uint u_xlatu0;
int u_xlati1;
vec4 u_xlat2;
void main()
{
    u_xlat0 = in_POSITION0.yyyy * hlslcc_mtx4x4unity_ObjectToWorld[1];
    u_xlat0 = hlslcc_mtx4x4unity_ObjectToWorld[0] * in_POSITION0.xxxx + u_xlat0;
    u_xlat0 = hlslcc_mtx4x4unity_ObjectToWorld[2] * in_POSITION0.zzzz + u_xlat0;
    u_xlat0 = u_xlat0 + hlslcc_mtx4x4unity_ObjectToWorld[3];
    u_xlati1 = int(gl_ViewID_OVR) << 2;
    u_xlat2 = u_xlat0.yyyy * hlslcc_mtx4x4unity_StereoMatrixVP[u_xlati1 + 1];
    u_xlat2 = hlslcc_mtx4x4unity_StereoMatrixVP[u_xlati1] * u_xlat0.xxxx + u_xlat2;
    u_xlat2 = hlslcc_mtx4x4unity_StereoMatrixVP[u_xlati1 + 2] * u_xlat0.zzzz + u_xlat2;
    gl_Position = hlslcc_mtx4x4unity_StereoMatrixVP[u_xlati1 + 3] * u_xlat0.wwww + u_xlat2;
    vs_COLOR0 = in_COLOR0;
    u_xlatu0 = gl_ViewID_OVR;
    vs_BLENDWEIGHT0 = unity_StereoEyeIndices[int(u_xlatu0)].x;
    return;
}
-------- failed compiling:
vertex shader
0:3(12): error: extension `GL_OVR_multiview2' unsupported in vertex shader

Note: Creation of internal variant of shader 'Hidden/InternalClear' failed.
-------- Shader compilation failed
#version 330
#extension GL_ARB_explicit_attrib_location : require
#extension GL_OVR_multiview2 : require
layout(std140) uniform UnityPerDraw {
	vec4 hlslcc_mtx4x4unity_ObjectToWorld[4];
	vec4 hlslcc_mtx4x4unity_WorldToObject[4];
	vec4 unity_LODFade;
	vec4 unity_WorldTransformParams;
};
layout(std140) uniform UnityStereoGlobals {
	vec4 hlslcc_mtx4x4unity_StereoMatrixP[8];
	vec4 hlslcc_mtx4x4unity_StereoMatrixV[8];
	vec4 hlslcc_mtx4x4unity_StereoMatrixInvV[8];
	vec4 hlslcc_mtx4x4unity_StereoMatrixVP[8];
	vec4 hlslcc_mtx4x4unity_StereoCameraProjection[8];
	vec4 hlslcc_mtx4x4unity_StereoCameraInvProjection[8];
	vec4 hlslcc_mtx4x4unity_StereoWorldToCamera[8];
	vec4 hlslcc_mtx4x4unity_StereoCameraToWorld[8];
	vec3 unity_StereoWorldSpaceCameraPos[2];
	vec4 unity_StereoScaleOffset[2];
};
layout(std140) uniform UnityStereoEyeIndices {
	vec4 unity_StereoEyeIndices[2];
};
layout(num_views = 2) in;
in  vec4 in_POSITION0;
in  vec4 in_COLOR0;
out vec4 vs_COLOR0;
out float vs_BLENDWEIGHT0;
vec4 u_xlat0;
uint u_xlatu0;
int u_xlati1;
vec4 u_xlat2;
void main()
{
    u_xlat0 = in_POSITION0.yyyy * hlslcc_mtx4x4unity_ObjectToWorld[1];
    u_xlat0 = hlslcc_mtx4x4unity_ObjectToWorld[0] * in_POSITION0.xxxx + u_xlat0;
    u_xlat0 = hlslcc_mtx4x4unity_ObjectToWorld[2] * in_POSITION0.zzzz + u_xlat0;
    u_xlat0 = u_xlat0 + hlslcc_mtx4x4unity_ObjectToWorld[3];
    u_xlati1 = int(gl_ViewID_OVR) << 2;
    u_xlat2 = u_xlat0.yyyy * hlslcc_mtx4x4unity_StereoMatrixVP[u_xlati1 + 1];
    u_xlat2 = hlslcc_mtx4x4unity_StereoMatrixVP[u_xlati1] * u_xlat0.xxxx + u_xlat2;
    u_xlat2 = hlslcc_mtx4x4unity_StereoMatrixVP[u_xlati1 + 2] * u_xlat0.zzzz + u_xlat2;
    gl_Position = hlslcc_mtx4x4unity_StereoMatrixVP[u_xlati1 + 3] * u_xlat0.wwww + u_xlat2;
    vs_COLOR0 = in_COLOR0;
    u_xlatu0 = gl_ViewID_OVR;
    vs_BLENDWEIGHT0 = unity_StereoEyeIndices[int(u_xlatu0)].x;
    return;
}
-------- failed compiling:
vertex shader
0:3(12): error: extension `GL_OVR_multiview2' unsupported in vertex shader

Note: Creation of internal variant of shader 'Hidden/InternalClear' failed.
-------- Shader compilation failed
#version 330
#extension GL_ARB_explicit_attrib_location : require
#extension GL_OVR_multiview2 : require
layout(std140) uniform UnityPerDraw {
	vec4 hlslcc_mtx4x4unity_ObjectToWorld[4];
	vec4 hlslcc_mtx4x4unity_WorldToObject[4];
	vec4 unity_LODFade;
	vec4 unity_WorldTransformParams;
};
layout(std140) uniform UnityStereoGlobals {
	vec4 hlslcc_mtx4x4unity_StereoMatrixP[8];
	vec4 hlslcc_mtx4x4unity_StereoMatrixV[8];
	vec4 hlslcc_mtx4x4unity_StereoMatrixInvV[8];
	vec4 hlslcc_mtx4x4unity_StereoMatrixVP[8];
	vec4 hlslcc_mtx4x4unity_StereoCameraProjection[8];
	vec4 hlslcc_mtx4x4unity_StereoCameraInvProjection[8];
	vec4 hlslcc_mtx4x4unity_StereoWorldToCamera[8];
	vec4 hlslcc_mtx4x4unity_StereoCameraToWorld[8];
	vec3 unity_StereoWorldSpaceCameraPos[2];
	vec4 unity_StereoScaleOffset[2];
};
layout(std140) uniform UnityStereoEyeIndices {
	vec4 unity_StereoEyeIndices[2];
};
layout(num_views = 2) in;
in  vec4 in_POSITION0;
in  vec4 in_COLOR0;
out vec4 vs_COLOR0;
out float vs_BLENDWEIGHT0;
vec4 u_xlat0;
uint u_xlatu0;
int u_xlati1;
vec4 u_xlat2;
void main()
{
    u_xlat0 = in_POSITION0.yyyy * hlslcc_mtx4x4unity_ObjectToWorld[1];
    u_xlat0 = hlslcc_mtx4x4unity_ObjectToWorld[0] * in_POSITION0.xxxx + u_xlat0;
    u_xlat0 = hlslcc_mtx4x4unity_ObjectToWorld[2] * in_POSITION0.zzzz + u_xlat0;
    u_xlat0 = u_xlat0 + hlslcc_mtx4x4unity_ObjectToWorld[3];
    u_xlati1 = int(gl_ViewID_OVR) << 2;
    u_xlat2 = u_xlat0.yyyy * hlslcc_mtx4x4unity_StereoMatrixVP[u_xlati1 + 1];
    u_xlat2 = hlslcc_mtx4x4unity_StereoMatrixVP[u_xlati1] * u_xlat0.xxxx + u_xlat2;
    u_xlat2 = hlslcc_mtx4x4unity_StereoMatrixVP[u_xlati1 + 2] * u_xlat0.zzzz + u_xlat2;
    gl_Position = hlslcc_mtx4x4unity_StereoMatrixVP[u_xlati1 + 3] * u_xlat0.wwww + u_xlat2;
    vs_COLOR0 = in_COLOR0;
    u_xlatu0 = gl_ViewID_OVR;
    vs_BLENDWEIGHT0 = unity_StereoEyeIndices[int(u_xlatu0)].x;
    return;
}
-------- failed compiling:
vertex shader
0:3(12): error: extension `GL_OVR_multiview2' unsupported in vertex shader

Note: Creation of internal variant of shader 'Hidden/InternalClear' failed.
-------- Shader compilation failed
#version 330
#extension GL_ARB_explicit_attrib_location : require
#extension GL_OVR_multiview2 : require
uniform 	vec4 _MainTex_ST;
uniform 	vec4 _Color;
layout(std140) uniform UnityPerDraw {
	vec4 hlslcc_mtx4x4unity_ObjectToWorld[4];
	vec4 hlslcc_mtx4x4unity_WorldToObject[4];
	vec4 unity_LODFade;
	vec4 unity_WorldTransformParams;
};
layout(std140) uniform UnityStereoGlobals {
	vec4 hlslcc_mtx4x4unity_StereoMatrixP[8];
	vec4 hlslcc_mtx4x4unity_StereoMatrixV[8];
	vec4 hlslcc_mtx4x4unity_StereoMatrixInvV[8];
	vec4 hlslcc_mtx4x4unity_StereoMatrixVP[8];
	vec4 hlslcc_mtx4x4unity_StereoCameraProjection[8];
	vec4 hlslcc_mtx4x4unity_StereoCameraInvProjection[8];
	vec4 hlslcc_mtx4x4unity_StereoWorldToCamera[8];
	vec4 hlslcc_mtx4x4unity_StereoCameraToWorld[8];
	vec3 unity_StereoWorldSpaceCameraPos[2];
	vec4 unity_StereoScaleOffset[2];
};
layout(std140) uniform UnityStereoEyeIndices {
	vec4 unity_StereoEyeIndices[2];
};
layout(num_views = 2) in;
in  vec4 in_POSITION0;
in  vec4 in_COLOR0;
in  vec2 in_TEXCOORD0;
out vec4 vs_COLOR0;
out vec2 vs_TEXCOORD0;
out float vs_BLENDWEIGHT0;
vec4 u_xlat0;
uint u_xlatu0;
int u_xlati1;
vec4 u_xlat2;
void main()
{
    u_xlat0 = in_POSITION0.yyyy * hlslcc_mtx4x4unity_ObjectToWorld[1];
    u_xlat0 = hlslcc_mtx4x4unity_ObjectToWorld[0] * in_POSITION0.xxxx + u_xlat0;
    u_xlat0 = hlslcc_mtx4x4unity_ObjectToWorld[2] * in_POSITION0.zzzz + u_xlat0;
    u_xlat0 = u_xlat0 + hlslcc_mtx4x4unity_ObjectToWorld[3];
    u_xlati1 = int(gl_ViewID_OVR) << 2;
    u_xlat2 = u_xlat0.yyyy * hlslcc_mtx4x4unity_StereoMatrixVP[u_xlati1 + 1];
    u_xlat2 = hlslcc_mtx4x4unity_StereoMatrixVP[u_xlati1] * u_xlat0.xxxx + u_xlat2;
    u_xlat2 = hlslcc_mtx4x4unity_StereoMatrixVP[u_xlati1 + 2] * u_xlat0.zzzz + u_xlat2;
    gl_Position = hlslcc_mtx4x4unity_StereoMatrixVP[u_xlati1 + 3] * u_xlat0.wwww + u_xlat2;
    vs_COLOR0 = in_COLOR0 * _Color;
    u_xlatu0 = gl_ViewID_OVR;
    vs_BLENDWEIGHT0 = unity_StereoEyeIndices[int(u_xlatu0)].x;
    vs_TEXCOORD0.xy = in_TEXCOORD0.xy * _MainTex_ST.xy + _MainTex_ST.zw;
    return;
}
-------- failed compiling:
vertex shader
0:3(12): error: extension `GL_OVR_multiview2' unsupported in vertex shader

Note: Creation of internal variant of shader 'GUI/Text Shader' failed.
-------- Shader compilation failed
#version 330
#extension GL_ARB_explicit_attrib_location : require
#extension GL_OVR_multiview2 : require
layout(std140) uniform UnityPerDraw {
	vec4 hlslcc_mtx4x4unity_ObjectToWorld[4];
	vec4 hlslcc_mtx4x4unity_WorldToObject[4];
	vec4 unity_LODFade;
	vec4 unity_WorldTransformParams;
};
layout(std140) uniform UnityStereoGlobals {
	vec4 hlslcc_mtx4x4unity_StereoMatrixP[8];
	vec4 hlslcc_mtx4x4unity_StereoMatrixV[8];
	vec4 hlslcc_mtx4x4unity_StereoMatrixInvV[8];
	vec4 hlslcc_mtx4x4unity_StereoMatrixVP[8];
	vec4 hlslcc_mtx4x4unity_StereoCameraProjection[8];
	vec4 hlslcc_mtx4x4unity_StereoCameraInvProjection[8];
	vec4 hlslcc_mtx4x4unity_StereoWorldToCamera[8];
	vec4 hlslcc_mtx4x4unity_StereoCameraToWorld[8];
	vec3 unity_StereoWorldSpaceCameraPos[2];
	vec4 unity_StereoScaleOffset[2];
};
layout(std140) uniform UnityStereoEyeIndices {
	vec4 unity_StereoEyeIndices[2];
};
layout(num_views = 2) in;
in  vec4 in_POSITION0;
out float vs_BLENDWEIGHT0;
vec4 u_xlat0;
uint u_xlatu0;
int u_xlati1;
vec4 u_xlat2;
void main()
{
    u_xlat0 = in_POSITION0.yyyy * hlslcc_mtx4x4unity_ObjectToWorld[1];
    u_xlat0 = hlslcc_mtx4x4unity_ObjectToWorld[0] * in_POSITION0.xxxx + u_xlat0;
    u_xlat0 = hlslcc_mtx4x4unity_ObjectToWorld[2] * in_POSITION0.zzzz + u_xlat0;
    u_xlat0 = u_xlat0 + hlslcc_mtx4x4unity_ObjectToWorld[3];
    u_xlati1 = int(gl_ViewID_OVR) << 2;
    u_xlat2 = u_xlat0.yyyy * hlslcc_mtx4x4unity_StereoMatrixVP[u_xlati1 + 1];
    u_xlat2 = hlslcc_mtx4x4unity_StereoMatrixVP[u_xlati1] * u_xlat0.xxxx + u_xlat2;
    u_xlat2 = hlslcc_mtx4x4unity_StereoMatrixVP[u_xlati1 + 2] * u_xlat0.zzzz + u_xlat2;
    gl_Position = hlslcc_mtx4x4unity_StereoMatrixVP[u_xlati1 + 3] * u_xlat0.wwww + u_xlat2;
    u_xlatu0 = gl_ViewID_OVR;
    vs_BLENDWEIGHT0 = unity_StereoEyeIndices[int(u_xlatu0)].x;
    return;
}
-------- failed compiling:
vertex shader
0:3(12): error: extension `GL_OVR_multiview2' unsupported in vertex shader

Note: Creation of internal variant of shader 'Hidden/InternalErrorShader' failed.
Shader warmup: 78 shaders 3860 combinations 296.937s
