VirtualBox XPCOM Server 5.2.8 r120774 linux.amd64 (Feb 28 2018 07:46:09) release log
00:00:00.013008 main     Log opened 2018-04-19T13:37:31.300462000Z
00:00:00.013010 main     Build Type: release
00:00:00.013012 main     OS Product: Linux
00:00:00.013014 main     OS Release: 4.15.15-1-ARCH
00:00:00.013015 main     OS Version: #1 SMP PREEMPT Sat Mar 31 23:59:25 UTC 2018
00:00:00.013041 main     DMI Product Name: Latitude E6230
00:00:00.013058 main     DMI Product Version: 01
00:00:00.013106 main     Host RAM: 7854MB (7.6GB) total, 5821MB (5.6GB) available
00:00:00.013109 main     Executable: /usr/lib/virtualbox/VBoxSVC
00:00:00.013110 main     Process ID: 1818
00:00:00.013111 main     Package type: LINUX_64BITS_GENERIC (OSE)
00:00:00.015339 main     IPC socket path: /tmp/.vbox-coc-ipc/ipcd
00:00:00.153820 nspr-2   VirtualBox: object creation starts
00:00:00.159640 nspr-2   Home directory: '/home/coc/.config/VirtualBox'
00:00:00.230881 nspr-2   Loading settings file "/home/coc/.config/VirtualBox/VirtualBox.xml" with version "1.12-linux"
00:00:00.472587 nspr-2   NetIfAdpCtlOut: VBoxNetAdpCtl: Error while retrieving link speed for wlp2s0: VBoxNetAdpCtl: ioctl failed: Operation not supported
00:00:00.593471 nspr-2   NAT: resolv.conf: nameserver 172.16.0.1
00:00:00.593500 nspr-2   NAT: resolv.conf: nameserver 203.162.4.190
00:00:00.593514 nspr-2   HostDnsMonitor: old information
00:00:00.593517 nspr-2     no server entries
00:00:00.593520 nspr-2     no domain set
00:00:00.593523 nspr-2     no search string entries
00:00:00.593525 nspr-2   HostDnsMonitor: new information
00:00:00.593527 nspr-2     server 1: 172.16.0.1
00:00:00.593530 nspr-2     server 2: 203.162.4.190
00:00:00.593532 nspr-2     no domain set
00:00:00.593534 nspr-2     no search string entries
00:00:00.593538 nspr-2   HostDnsMonitorProxy::notify
00:00:00.817091 nspr-2   VD: VDInit finished with VINF_SUCCESS
00:00:00.818002 nspr-2   ERROR [COM]: aRC=NS_ERROR_FAILURE (0x80004005) aIID={0eb668d2-495e-5a36-8890-29999b5f030c} aComponent={SystemPropertiesWrap} aText={Cannot determine default Guest Additions ISO location. Most likely they are not available}, preserve=false aResultDetail=0
00:00:00.913026 nspr-2   ERROR [COM]: aRC=NS_ERROR_FAILURE (0x80004005) aIID={85cd948e-a71f-4289-281e-0ca7ad48cd89} aComponent={MachineWrap} aText={Runtime error opening '/mnt/os/VM/archVM/arch/arch.vbox' for reading: -102 (File not found.).
00:00:00.913033 nspr-2   /build/virtualbox/src/VirtualBox-5.2.8/src/VBox/Main/src-server/MachineImpl.cpp[741] (nsresult Machine::i_registeredInit())}, preserve=false aResultDetail=0
00:00:00.988369 nspr-2   Loading settings file "/home/coc/.Genymobile/Genymotion/deployed/Custom Phone - 7.0.0 - API 24 - 768x1280/Custom Phone - 7.0.0 - API 24 - 768x1280.vbox" with version "1.12-linux"
00:00:00.989947 nspr-2   VirtualBox: object created
00:00:01.315474 nspr-2   NetIfAdpCtlOut: VBoxNetAdpCtl: Error while retrieving link speed for wlp2s0: VBoxNetAdpCtl: ioctl failed: Operation not supported
00:00:01.471459 nspr-2   NetIfAdpCtlOut: VBoxNetAdpCtl: Error while retrieving link speed for wlp2s0: VBoxNetAdpCtl: ioctl failed: Operation not supported
00:00:01.501504 nspr-2   NetIfAdpCtlOut: VBoxNetAdpCtl: Error while retrieving link speed for wlp2s0: VBoxNetAdpCtl: ioctl failed: Operation not supported
00:00:01.526706 nspr-2   NetIfAdpCtlOut: VBoxNetAdpCtl: Error while retrieving link speed for wlp2s0: VBoxNetAdpCtl: ioctl failed: Operation not supported
00:00:01.559923 nspr-2   Saving settings file "/home/coc/.config/VirtualBox/VirtualBox.xml" with version "1.12-linux"
00:00:01.727920 nspr-2   Saving settings file "/home/coc/.config/VirtualBox/VirtualBox.xml" with version "1.12-linux"
00:00:02.152601 nspr-2   Saving settings file "/home/coc/.config/VirtualBox/VirtualBox.xml" with version "1.12-linux"
00:00:02.259740 nspr-2   Saving settings file "/home/coc/.config/VirtualBox/VirtualBox.xml" with version "1.12-linux"
00:00:02.375177 nspr-2   NetIfAdpCtlOut: VBoxNetAdpCtl: Error while retrieving link speed for wlp2s0: VBoxNetAdpCtl: ioctl failed: Operation not supported
00:00:02.443806 nspr-2   NetIfAdpCtlOut: VBoxNetAdpCtl: Error while retrieving link speed for wlp2s0: VBoxNetAdpCtl: ioctl failed: Operation not supported
00:00:02.529268 nspr-2   NetIfAdpCtlOut: VBoxNetAdpCtl: Error while retrieving link speed for wlp2s0: VBoxNetAdpCtl: ioctl failed: Operation not supported
00:00:02.548091 nspr-2   Saving settings file "/home/coc/.config/VirtualBox/VirtualBox.xml" with version "1.12-linux"
00:00:02.672462 nspr-2   NetIfAdpCtlOut: VBoxNetAdpCtl: Error while retrieving link speed for wlp2s0: VBoxNetAdpCtl: ioctl failed: Operation not supported
00:00:02.696213 nspr-2   Saving settings file "/home/coc/.config/VirtualBox/VirtualBox.xml" with version "1.12-linux"
00:00:02.982658 nspr-2   Saving settings file "/home/coc/.config/VirtualBox/VirtualBox.xml" with version "1.12-linux"
00:00:03.074145 nspr-2   Saving settings file "/home/coc/.config/VirtualBox/VirtualBox.xml" with version "1.12-linux"
00:00:03.354719 nspr-2   ERROR [COM]: aRC=NS_ERROR_FAILURE (0x80004005) aIID={85cd948e-a71f-4289-281e-0ca7ad48cd89} aComponent={MachineWrap} aText={Runtime error opening '/mnt/os/VM/archVM/arch/arch.vbox' for reading: -102 (File not found.).
00:00:03.354727 nspr-2   /build/virtualbox/src/VirtualBox-5.2.8/src/VBox/Main/src-server/MachineImpl.cpp[741] (nsresult Machine::i_registeredInit())}, preserve=false aResultDetail=0
00:00:03.544296 nspr-2   ERROR [COM]: aRC=E_ACCESSDENIED (0x80070005) aIID={85cd948e-a71f-4289-281e-0ca7ad48cd89} aComponent={MachineWrap} aText={The object functionality is limited}, preserve=false aResultDetail=0
00:00:03.740537 nspr-2   ERROR [COM]: aRC=E_ACCESSDENIED (0x80070005) aIID={85cd948e-a71f-4289-281e-0ca7ad48cd89} aComponent={MachineWrap} aText={The object functionality is limited}, preserve=false aResultDetail=0
00:00:03.752711 nspr-3   ERROR [COM]: aRC=VBOX_E_OBJECT_NOT_FOUND (0x80bb0001) aIID={85cd948e-a71f-4289-281e-0ca7ad48cd89} aComponent={SessionMachine} aText={No storage device attached to device slot 0 on port 1 of controller 'IDEController'}, preserve=false aResultDetail=0
00:00:03.753004 nspr-2   ERROR [COM]: aRC=VBOX_E_OBJECT_NOT_FOUND (0x80bb0001) aIID={85cd948e-a71f-4289-281e-0ca7ad48cd89} aComponent={SessionMachine} aText={No storage device attached to device slot 0 on port 1 of controller 'IDEController'}, preserve=false aResultDetail=0
00:00:03.753216 nspr-2   ERROR [COM]: aRC=VBOX_E_OBJECT_NOT_FOUND (0x80bb0001) aIID={85cd948e-a71f-4289-281e-0ca7ad48cd89} aComponent={SessionMachine} aText={No storage device attached to device slot 1 on port 1 of controller 'IDEController'}, preserve=false aResultDetail=0
00:00:03.753404 nspr-2   ERROR [COM]: aRC=VBOX_E_OBJECT_NOT_FOUND (0x80bb0001) aIID={85cd948e-a71f-4289-281e-0ca7ad48cd89} aComponent={SessionMachine} aText={No storage device attached to device slot 1 on port 1 of controller 'IDEController'}, preserve=false aResultDetail=0
00:00:03.767778 nspr-2   WARNING [COM]: aRC=NS_ERROR_FAILURE (0x80004005) aIID={afca788c-4477-787d-60b2-3fa70e56fbbc} aComponent={HostWrap} aText={VirtualBox is not currently allowed to access USB devices.  You can change this by adding your user to the 'vboxusers' group.  Please see the user manual for a more detailed explanation}, preserve=true  aResultDetail=0
00:00:03.768610 nspr-2   WARNING [COM]: aRC=NS_ERROR_FAILURE (0x80004005) aIID={afca788c-4477-787d-60b2-3fa70e56fbbc} aComponent={HostWrap} aText={VirtualBox is not currently allowed to access USB devices.  You can change this by adding your user to the 'vboxusers' group.  Please see the user manual for a more detailed explanation}, preserve=true  aResultDetail=0
00:00:07.874995 nspr-2   NetIfAdpCtlOut: VBoxNetAdpCtl: Error while retrieving link speed for wlp2s0: VBoxNetAdpCtl: ioctl failed: Operation not supported
00:00:07.981856 nspr-2   NetIfAdpCtlOut: VBoxNetAdpCtl: Error while retrieving link speed for wlp2s0: VBoxNetAdpCtl: ioctl failed: Operation not supported
00:00:08.008534 nspr-2   NetIfAdpCtlOut: VBoxNetAdpCtl: Error while retrieving link speed for wlp2s0: VBoxNetAdpCtl: ioctl failed: Operation not supported
00:00:08.036375 nspr-2   NetIfAdpCtlOut: VBoxNetAdpCtl: Error while retrieving link speed for wlp2s0: VBoxNetAdpCtl: ioctl failed: Operation not supported
00:00:08.067836 nspr-2   Saving settings file "/home/coc/.config/VirtualBox/VirtualBox.xml" with version "1.12-linux"
00:00:08.107628 nspr-2   Saving settings file "/home/coc/.config/VirtualBox/VirtualBox.xml" with version "1.12-linux"
00:00:08.265898 nspr-2   Saving settings file "/home/coc/.config/VirtualBox/VirtualBox.xml" with version "1.12-linux"
00:00:08.308752 nspr-2   Saving settings file "/home/coc/.config/VirtualBox/VirtualBox.xml" with version "1.12-linux"
00:00:08.419753 nspr-3   NetIfAdpCtlOut: VBoxNetAdpCtl: Error while retrieving link speed for wlp2s0: VBoxNetAdpCtl: ioctl failed: Operation not supported
00:00:08.504954 nspr-3   NetIfAdpCtlOut: VBoxNetAdpCtl: Error while retrieving link speed for wlp2s0: VBoxNetAdpCtl: ioctl failed: Operation not supported
00:00:08.601254 nspr-3   NetIfAdpCtlOut: VBoxNetAdpCtl: Error while retrieving link speed for wlp2s0: VBoxNetAdpCtl: ioctl failed: Operation not supported
00:00:08.622913 nspr-2   Saving settings file "/home/coc/.config/VirtualBox/VirtualBox.xml" with version "1.12-linux"
00:00:08.744468 nspr-2   NetIfAdpCtlOut: VBoxNetAdpCtl: Error while retrieving link speed for wlp2s0: VBoxNetAdpCtl: ioctl failed: Operation not supported
00:00:08.769402 nspr-3   Saving settings file "/home/coc/.config/VirtualBox/VirtualBox.xml" with version "1.12-linux"
00:00:08.826037 nspr-2   Saving settings file "/home/coc/.config/VirtualBox/VirtualBox.xml" with version "1.12-linux"
00:00:08.876413 nspr-3   Saving settings file "/home/coc/.config/VirtualBox/VirtualBox.xml" with version "1.12-linux"
00:00:09.060411 nspr-2   ERROR [COM]: aRC=E_ACCESSDENIED (0x80070005) aIID={85cd948e-a71f-4289-281e-0ca7ad48cd89} aComponent={MachineWrap} aText={The object functionality is limited}, preserve=false aResultDetail=0
00:00:09.076139 nspr-2   ERROR [COM]: aRC=VBOX_E_OBJECT_NOT_FOUND (0x80bb0001) aIID={85cd948e-a71f-4289-281e-0ca7ad48cd89} aComponent={SessionMachine} aText={No storage device attached to device slot 0 on port 1 of controller 'IDEController'}, preserve=false aResultDetail=0
00:00:09.076399 nspr-3   ERROR [COM]: aRC=VBOX_E_OBJECT_NOT_FOUND (0x80bb0001) aIID={85cd948e-a71f-4289-281e-0ca7ad48cd89} aComponent={SessionMachine} aText={No storage device attached to device slot 0 on port 1 of controller 'IDEController'}, preserve=false aResultDetail=0
00:00:09.076605 nspr-3   ERROR [COM]: aRC=VBOX_E_OBJECT_NOT_FOUND (0x80bb0001) aIID={85cd948e-a71f-4289-281e-0ca7ad48cd89} aComponent={SessionMachine} aText={No storage device attached to device slot 1 on port 1 of controller 'IDEController'}, preserve=false aResultDetail=0
00:00:09.076793 nspr-3   ERROR [COM]: aRC=VBOX_E_OBJECT_NOT_FOUND (0x80bb0001) aIID={85cd948e-a71f-4289-281e-0ca7ad48cd89} aComponent={SessionMachine} aText={No storage device attached to device slot 1 on port 1 of controller 'IDEController'}, preserve=false aResultDetail=0
00:00:09.085788 nspr-3   WARNING [COM]: aRC=NS_ERROR_FAILURE (0x80004005) aIID={afca788c-4477-787d-60b2-3fa70e56fbbc} aComponent={HostWrap} aText={VirtualBox is not currently allowed to access USB devices.  You can change this by adding your user to the 'vboxusers' group.  Please see the user manual for a more detailed explanation}, preserve=true  aResultDetail=0
00:00:09.086044 nspr-3   WARNING [COM]: aRC=NS_ERROR_FAILURE (0x80004005) aIID={afca788c-4477-787d-60b2-3fa70e56fbbc} aComponent={HostWrap} aText={VirtualBox is not currently allowed to access USB devices.  You can change this by adding your user to the 'vboxusers' group.  Please see the user manual for a more detailed explanation}, preserve=true  aResultDetail=0
00:00:09.151311 nspr-2   ERROR [COM]: aRC=E_ACCESSDENIED (0x80070005) aIID={85cd948e-a71f-4289-281e-0ca7ad48cd89} aComponent={MachineWrap} aText={The object functionality is limited}, preserve=false aResultDetail=0
00:00:09.207292 nspr-3   ERROR [COM]: aRC=E_ACCESSDENIED (0x80070005) aIID={85cd948e-a71f-4289-281e-0ca7ad48cd89} aComponent={MachineWrap} aText={The object functionality is limited}, preserve=false aResultDetail=0
00:00:09.217511 nspr-3   ERROR [COM]: aRC=VBOX_E_OBJECT_NOT_FOUND (0x80bb0001) aIID={85cd948e-a71f-4289-281e-0ca7ad48cd89} aComponent={SessionMachine} aText={No storage device attached to device slot 0 on port 1 of controller 'IDEController'}, preserve=false aResultDetail=0
00:00:09.217718 nspr-2   ERROR [COM]: aRC=VBOX_E_OBJECT_NOT_FOUND (0x80bb0001) aIID={85cd948e-a71f-4289-281e-0ca7ad48cd89} aComponent={SessionMachine} aText={No storage device attached to device slot 0 on port 1 of controller 'IDEController'}, preserve=false aResultDetail=0
00:00:09.217875 nspr-2   ERROR [COM]: aRC=VBOX_E_OBJECT_NOT_FOUND (0x80bb0001) aIID={85cd948e-a71f-4289-281e-0ca7ad48cd89} aComponent={SessionMachine} aText={No storage device attached to device slot 1 on port 1 of controller 'IDEController'}, preserve=false aResultDetail=0
00:00:09.218026 nspr-2   ERROR [COM]: aRC=VBOX_E_OBJECT_NOT_FOUND (0x80bb0001) aIID={85cd948e-a71f-4289-281e-0ca7ad48cd89} aComponent={SessionMachine} aText={No storage device attached to device slot 1 on port 1 of controller 'IDEController'}, preserve=false aResultDetail=0
00:00:09.226432 nspr-2   WARNING [COM]: aRC=NS_ERROR_FAILURE (0x80004005) aIID={afca788c-4477-787d-60b2-3fa70e56fbbc} aComponent={HostWrap} aText={VirtualBox is not currently allowed to access USB devices.  You can change this by adding your user to the 'vboxusers' group.  Please see the user manual for a more detailed explanation}, preserve=true  aResultDetail=0
00:00:09.226696 nspr-2   WARNING [COM]: aRC=NS_ERROR_FAILURE (0x80004005) aIID={afca788c-4477-787d-60b2-3fa70e56fbbc} aComponent={HostWrap} aText={VirtualBox is not currently allowed to access USB devices.  You can change this by adding your user to the 'vboxusers' group.  Please see the user manual for a more detailed explanation}, preserve=true  aResultDetail=0
00:00:09.285232 nspr-3   ERROR [COM]: aRC=E_ACCESSDENIED (0x80070005) aIID={85cd948e-a71f-4289-281e-0ca7ad48cd89} aComponent={MachineWrap} aText={The object functionality is limited}, preserve=false aResultDetail=0
00:00:09.298763 nspr-3   ERROR [COM]: aRC=VBOX_E_OBJECT_NOT_FOUND (0x80bb0001) aIID={85cd948e-a71f-4289-281e-0ca7ad48cd89} aComponent={SessionMachine} aText={No storage device attached to device slot 0 on port 1 of controller 'IDEController'}, preserve=false aResultDetail=0
00:00:09.299073 nspr-2   ERROR [COM]: aRC=VBOX_E_OBJECT_NOT_FOUND (0x80bb0001) aIID={85cd948e-a71f-4289-281e-0ca7ad48cd89} aComponent={SessionMachine} aText={No storage device attached to device slot 0 on port 1 of controller 'IDEController'}, preserve=false aResultDetail=0
00:00:09.299281 nspr-2   ERROR [COM]: aRC=VBOX_E_OBJECT_NOT_FOUND (0x80bb0001) aIID={85cd948e-a71f-4289-281e-0ca7ad48cd89} aComponent={SessionMachine} aText={No storage device attached to device slot 1 on port 1 of controller 'IDEController'}, preserve=false aResultDetail=0
00:00:09.299514 nspr-2   ERROR [COM]: aRC=VBOX_E_OBJECT_NOT_FOUND (0x80bb0001) aIID={85cd948e-a71f-4289-281e-0ca7ad48cd89} aComponent={SessionMachine} aText={No storage device attached to device slot 1 on port 1 of controller 'IDEController'}, preserve=false aResultDetail=0
00:00:09.310072 nspr-2   WARNING [COM]: aRC=NS_ERROR_FAILURE (0x80004005) aIID={afca788c-4477-787d-60b2-3fa70e56fbbc} aComponent={HostWrap} aText={VirtualBox is not currently allowed to access USB devices.  You can change this by adding your user to the 'vboxusers' group.  Please see the user manual for a more detailed explanation}, preserve=true  aResultDetail=0
00:00:09.310360 nspr-2   WARNING [COM]: aRC=NS_ERROR_FAILURE (0x80004005) aIID={afca788c-4477-787d-60b2-3fa70e56fbbc} aComponent={HostWrap} aText={VirtualBox is not currently allowed to access USB devices.  You can change this by adding your user to the 'vboxusers' group.  Please see the user manual for a more detailed explanation}, preserve=true  aResultDetail=0
00:00:09.622702 nspr-3   ERROR [COM]: aRC=E_ACCESSDENIED (0x80070005) aIID={85cd948e-a71f-4289-281e-0ca7ad48cd89} aComponent={MachineWrap} aText={The object functionality is limited}, preserve=false aResultDetail=0
00:00:09.638912 nspr-3   ERROR [COM]: aRC=VBOX_E_OBJECT_NOT_FOUND (0x80bb0001) aIID={85cd948e-a71f-4289-281e-0ca7ad48cd89} aComponent={SessionMachine} aText={No storage device attached to device slot 0 on port 1 of controller 'IDEController'}, preserve=false aResultDetail=0
00:00:09.639230 nspr-2   ERROR [COM]: aRC=VBOX_E_OBJECT_NOT_FOUND (0x80bb0001) aIID={85cd948e-a71f-4289-281e-0ca7ad48cd89} aComponent={SessionMachine} aText={No storage device attached to device slot 0 on port 1 of controller 'IDEController'}, preserve=false aResultDetail=0
00:00:09.639453 nspr-2   ERROR [COM]: aRC=VBOX_E_OBJECT_NOT_FOUND (0x80bb0001) aIID={85cd948e-a71f-4289-281e-0ca7ad48cd89} aComponent={SessionMachine} aText={No storage device attached to device slot 1 on port 1 of controller 'IDEController'}, preserve=false aResultDetail=0
00:00:09.639675 nspr-2   ERROR [COM]: aRC=VBOX_E_OBJECT_NOT_FOUND (0x80bb0001) aIID={85cd948e-a71f-4289-281e-0ca7ad48cd89} aComponent={SessionMachine} aText={No storage device attached to device slot 1 on port 1 of controller 'IDEController'}, preserve=false aResultDetail=0
00:00:09.650255 nspr-2   WARNING [COM]: aRC=NS_ERROR_FAILURE (0x80004005) aIID={afca788c-4477-787d-60b2-3fa70e56fbbc} aComponent={HostWrap} aText={VirtualBox is not currently allowed to access USB devices.  You can change this by adding your user to the 'vboxusers' group.  Please see the user manual for a more detailed explanation}, preserve=true  aResultDetail=0
00:00:09.650538 nspr-2   WARNING [COM]: aRC=NS_ERROR_FAILURE (0x80004005) aIID={afca788c-4477-787d-60b2-3fa70e56fbbc} aComponent={HostWrap} aText={VirtualBox is not currently allowed to access USB devices.  You can change this by adding your user to the 'vboxusers' group.  Please see the user manual for a more detailed explanation}, preserve=true  aResultDetail=0
00:00:09.715134 nspr-3   ERROR [COM]: aRC=E_ACCESSDENIED (0x80070005) aIID={85cd948e-a71f-4289-281e-0ca7ad48cd89} aComponent={MachineWrap} aText={The object functionality is limited}, preserve=false aResultDetail=0
00:00:09.717429 nspr-2   Saving settings file "/home/coc/.Genymobile/Genymotion/deployed/Custom Phone - 7.0.0 - API 24 - 768x1280/Custom Phone - 7.0.0 - API 24 - 768x1280.vbox" with version "1.12-linux"
00:00:10.126810 nspr-3   ERROR [COM]: aRC=E_ACCESSDENIED (0x80070005) aIID={85cd948e-a71f-4289-281e-0ca7ad48cd89} aComponent={MachineWrap} aText={The object functionality is limited}, preserve=false aResultDetail=0
00:00:10.130421 nspr-3   Saving settings file "/home/coc/.Genymobile/Genymotion/deployed/Custom Phone - 7.0.0 - API 24 - 768x1280/Custom Phone - 7.0.0 - API 24 - 768x1280.vbox" with version "1.12-linux"
00:00:10.403443 nspr-2   ERROR [COM]: aRC=E_ACCESSDENIED (0x80070005) aIID={85cd948e-a71f-4289-281e-0ca7ad48cd89} aComponent={MachineWrap} aText={The object functionality is limited}, preserve=false aResultDetail=0
00:00:10.405720 nspr-3   Saving settings file "/home/coc/.Genymobile/Genymotion/deployed/Custom Phone - 7.0.0 - API 24 - 768x1280/Custom Phone - 7.0.0 - API 24 - 768x1280.vbox" with version "1.12-linux"
00:00:10.947858 nspr-2   ERROR [COM]: aRC=E_ACCESSDENIED (0x80070005) aIID={85cd948e-a71f-4289-281e-0ca7ad48cd89} aComponent={MachineWrap} aText={The object functionality is limited}, preserve=false aResultDetail=0
00:00:10.950110 nspr-3   Saving settings file "/home/coc/.Genymobile/Genymotion/deployed/Custom Phone - 7.0.0 - API 24 - 768x1280/Custom Phone - 7.0.0 - API 24 - 768x1280.vbox" with version "1.12-linux"
00:00:11.536612 nspr-3   ERROR [COM]: aRC=E_ACCESSDENIED (0x80070005) aIID={85cd948e-a71f-4289-281e-0ca7ad48cd89} aComponent={MachineWrap} aText={The object functionality is limited}, preserve=false aResultDetail=0
00:00:11.539431 nspr-2   Saving settings file "/home/coc/.Genymobile/Genymotion/deployed/Custom Phone - 7.0.0 - API 24 - 768x1280/Custom Phone - 7.0.0 - API 24 - 768x1280.vbox" with version "1.12-linux"
00:00:11.912556 nspr-3   ERROR [COM]: aRC=E_ACCESSDENIED (0x80070005) aIID={85cd948e-a71f-4289-281e-0ca7ad48cd89} aComponent={MachineWrap} aText={The object functionality is limited}, preserve=false aResultDetail=0
00:00:11.914233 nspr-2   Saving settings file "/home/coc/.Genymobile/Genymotion/deployed/Custom Phone - 7.0.0 - API 24 - 768x1280/Custom Phone - 7.0.0 - API 24 - 768x1280.vbox" with version "1.12-linux"
00:00:12.215074 nspr-2   ERROR [COM]: aRC=E_ACCESSDENIED (0x80070005) aIID={85cd948e-a71f-4289-281e-0ca7ad48cd89} aComponent={MachineWrap} aText={The object functionality is limited}, preserve=false aResultDetail=0
00:00:12.217390 nspr-2   Saving settings file "/home/coc/.Genymobile/Genymotion/deployed/Custom Phone - 7.0.0 - API 24 - 768x1280/Custom Phone - 7.0.0 - API 24 - 768x1280.vbox" with version "1.12-linux"
00:00:12.489450 nspr-3   ERROR [COM]: aRC=E_ACCESSDENIED (0x80070005) aIID={85cd948e-a71f-4289-281e-0ca7ad48cd89} aComponent={MachineWrap} aText={The object functionality is limited}, preserve=false aResultDetail=0
00:00:12.501643 nspr-3   ERROR [COM]: aRC=VBOX_E_OBJECT_NOT_FOUND (0x80bb0001) aIID={85cd948e-a71f-4289-281e-0ca7ad48cd89} aComponent={SessionMachine} aText={No storage device attached to device slot 0 on port 1 of controller 'IDEController'}, preserve=false aResultDetail=0
00:00:12.501885 nspr-2   ERROR [COM]: aRC=VBOX_E_OBJECT_NOT_FOUND (0x80bb0001) aIID={85cd948e-a71f-4289-281e-0ca7ad48cd89} aComponent={SessionMachine} aText={No storage device attached to device slot 0 on port 1 of controller 'IDEController'}, preserve=false aResultDetail=0
00:00:12.502056 nspr-2   ERROR [COM]: aRC=VBOX_E_OBJECT_NOT_FOUND (0x80bb0001) aIID={85cd948e-a71f-4289-281e-0ca7ad48cd89} aComponent={SessionMachine} aText={No storage device attached to device slot 1 on port 1 of controller 'IDEController'}, preserve=false aResultDetail=0
00:00:12.502222 nspr-2   ERROR [COM]: aRC=VBOX_E_OBJECT_NOT_FOUND (0x80bb0001) aIID={85cd948e-a71f-4289-281e-0ca7ad48cd89} aComponent={SessionMachine} aText={No storage device attached to device slot 1 on port 1 of controller 'IDEController'}, preserve=false aResultDetail=0
00:00:12.511238 nspr-2   WARNING [COM]: aRC=NS_ERROR_FAILURE (0x80004005) aIID={afca788c-4477-787d-60b2-3fa70e56fbbc} aComponent={HostWrap} aText={VirtualBox is not currently allowed to access USB devices.  You can change this by adding your user to the 'vboxusers' group.  Please see the user manual for a more detailed explanation}, preserve=true  aResultDetail=0
00:00:12.511468 nspr-2   WARNING [COM]: aRC=NS_ERROR_FAILURE (0x80004005) aIID={afca788c-4477-787d-60b2-3fa70e56fbbc} aComponent={HostWrap} aText={VirtualBox is not currently allowed to access USB devices.  You can change this by adding your user to the 'vboxusers' group.  Please see the user manual for a more detailed explanation}, preserve=true  aResultDetail=0
00:00:12.569133 nspr-3   ERROR [COM]: aRC=E_ACCESSDENIED (0x80070005) aIID={85cd948e-a71f-4289-281e-0ca7ad48cd89} aComponent={MachineWrap} aText={The object functionality is limited}, preserve=false aResultDetail=0
00:00:12.991548 nspr-2   Saving settings file "/home/coc/.Genymobile/Genymotion/deployed/Custom Phone - 7.0.0 - API 24 - 768x1280/Custom Phone - 7.0.0 - API 24 - 768x1280.vbox" with version "1.12-linux"
00:00:13.809306 nspr-4   WARNING [COM]: aRC=NS_ERROR_FAILURE (0x80004005) aIID={afca788c-4477-787d-60b2-3fa70e56fbbc} aComponent={HostWrap} aText={VirtualBox is not currently allowed to access USB devices.  You can change this by adding your user to the 'vboxusers' group.  Please see the user manual for a more detailed explanation}, preserve=true  aResultDetail=0
00:00:13.824145 nspr-2   NetIfAdpCtlOut: VBoxNetAdpCtl: Error while retrieving link speed for wlp2s0: VBoxNetAdpCtl: ioctl failed: Operation not supported
00:00:14.426122 nspr-4   ERROR [COM]: aRC=E_ACCESSDENIED (0x80070005) aIID={85cd948e-a71f-4289-281e-0ca7ad48cd89} aComponent={MachineWrap} aText={The object functionality is limited}, preserve=false aResultDetail=0
00:00:14.437152 nspr-3   ERROR [COM]: aRC=VBOX_E_OBJECT_NOT_FOUND (0x80bb0001) aIID={85cd948e-a71f-4289-281e-0ca7ad48cd89} aComponent={SessionMachine} aText={No storage device attached to device slot 0 on port 1 of controller 'IDEController'}, preserve=false aResultDetail=0
00:00:14.437377 nspr-3   ERROR [COM]: aRC=VBOX_E_OBJECT_NOT_FOUND (0x80bb0001) aIID={85cd948e-a71f-4289-281e-0ca7ad48cd89} aComponent={SessionMachine} aText={No storage device attached to device slot 0 on port 1 of controller 'IDEController'}, preserve=false aResultDetail=0
00:00:14.437535 nspr-2   ERROR [COM]: aRC=VBOX_E_OBJECT_NOT_FOUND (0x80bb0001) aIID={85cd948e-a71f-4289-281e-0ca7ad48cd89} aComponent={SessionMachine} aText={No storage device attached to device slot 1 on port 1 of controller 'IDEController'}, preserve=false aResultDetail=0
00:00:14.437689 nspr-4   ERROR [COM]: aRC=VBOX_E_OBJECT_NOT_FOUND (0x80bb0001) aIID={85cd948e-a71f-4289-281e-0ca7ad48cd89} aComponent={SessionMachine} aText={No storage device attached to device slot 1 on port 1 of controller 'IDEController'}, preserve=false aResultDetail=0
00:00:14.447120 nspr-3   WARNING [COM]: aRC=NS_ERROR_FAILURE (0x80004005) aIID={afca788c-4477-787d-60b2-3fa70e56fbbc} aComponent={HostWrap} aText={VirtualBox is not currently allowed to access USB devices.  You can change this by adding your user to the 'vboxusers' group.  Please see the user manual for a more detailed explanation}, preserve=true  aResultDetail=0
00:00:14.447372 nspr-2   WARNING [COM]: aRC=NS_ERROR_FAILURE (0x80004005) aIID={afca788c-4477-787d-60b2-3fa70e56fbbc} aComponent={HostWrap} aText={VirtualBox is not currently allowed to access USB devices.  You can change this by adding your user to the 'vboxusers' group.  Please see the user manual for a more detailed explanation}, preserve=true  aResultDetail=0
00:00:14.520996 nspr-4   ERROR [COM]: aRC=E_ACCESSDENIED (0x80070005) aIID={85cd948e-a71f-4289-281e-0ca7ad48cd89} aComponent={MachineWrap} aText={The object functionality is limited}, preserve=false aResultDetail=0
00:00:15.586212 nspr-3   ERROR [COM]: aRC=E_ACCESSDENIED (0x80070005) aIID={85cd948e-a71f-4289-281e-0ca7ad48cd89} aComponent={MachineWrap} aText={The object functionality is limited}, preserve=false aResultDetail=0
00:00:16.655371 nspr-2   ERROR [COM]: aRC=E_ACCESSDENIED (0x80070005) aIID={85cd948e-a71f-4289-281e-0ca7ad48cd89} aComponent={MachineWrap} aText={The object functionality is limited}, preserve=false aResultDetail=0
00:00:17.722578 nspr-4   ERROR [COM]: aRC=E_ACCESSDENIED (0x80070005) aIID={85cd948e-a71f-4289-281e-0ca7ad48cd89} aComponent={MachineWrap} aText={The object functionality is limited}, preserve=false aResultDetail=0
00:00:18.790848 nspr-2   ERROR [COM]: aRC=E_ACCESSDENIED (0x80070005) aIID={85cd948e-a71f-4289-281e-0ca7ad48cd89} aComponent={MachineWrap} aText={The object functionality is limited}, preserve=false aResultDetail=0
00:00:19.853127 nspr-4   ERROR [COM]: aRC=E_ACCESSDENIED (0x80070005) aIID={85cd948e-a71f-4289-281e-0ca7ad48cd89} aComponent={MachineWrap} aText={The object functionality is limited}, preserve=false aResultDetail=0
00:00:21.018438 nspr-3   ERROR [COM]: aRC=E_ACCESSDENIED (0x80070005) aIID={85cd948e-a71f-4289-281e-0ca7ad48cd89} aComponent={MachineWrap} aText={The object functionality is limited}, preserve=false aResultDetail=0
00:00:22.103807 nspr-2   ERROR [COM]: aRC=E_ACCESSDENIED (0x80070005) aIID={85cd948e-a71f-4289-281e-0ca7ad48cd89} aComponent={MachineWrap} aText={The object functionality is limited}, preserve=false aResultDetail=0
00:00:23.167262 nspr-4   ERROR [COM]: aRC=E_ACCESSDENIED (0x80070005) aIID={85cd948e-a71f-4289-281e-0ca7ad48cd89} aComponent={MachineWrap} aText={The object functionality is limited}, preserve=false aResultDetail=0
00:00:24.244911 nspr-3   ERROR [COM]: aRC=E_ACCESSDENIED (0x80070005) aIID={85cd948e-a71f-4289-281e-0ca7ad48cd89} aComponent={MachineWrap} aText={The object functionality is limited}, preserve=false aResultDetail=0
00:00:25.340304 nspr-2   ERROR [COM]: aRC=E_ACCESSDENIED (0x80070005) aIID={85cd948e-a71f-4289-281e-0ca7ad48cd89} aComponent={MachineWrap} aText={The object functionality is limited}, preserve=false aResultDetail=0
00:00:25.482966 nspr-2   ERROR [COM]: aRC=E_ACCESSDENIED (0x80070005) aIID={85cd948e-a71f-4289-281e-0ca7ad48cd89} aComponent={MachineWrap} aText={The object functionality is limited}, preserve=false aResultDetail=0
00:00:25.494164 nspr-3   ERROR [COM]: aRC=VBOX_E_OBJECT_NOT_FOUND (0x80bb0001) aIID={85cd948e-a71f-4289-281e-0ca7ad48cd89} aComponent={SessionMachine} aText={No storage device attached to device slot 0 on port 1 of controller 'IDEController'}, preserve=false aResultDetail=0
00:00:25.494392 nspr-3   ERROR [COM]: aRC=VBOX_E_OBJECT_NOT_FOUND (0x80bb0001) aIID={85cd948e-a71f-4289-281e-0ca7ad48cd89} aComponent={SessionMachine} aText={No storage device attached to device slot 0 on port 1 of controller 'IDEController'}, preserve=false aResultDetail=0
00:00:25.494564 nspr-4   ERROR [COM]: aRC=VBOX_E_OBJECT_NOT_FOUND (0x80bb0001) aIID={85cd948e-a71f-4289-281e-0ca7ad48cd89} aComponent={SessionMachine} aText={No storage device attached to device slot 1 on port 1 of controller 'IDEController'}, preserve=false aResultDetail=0
00:00:25.494727 nspr-2   ERROR [COM]: aRC=VBOX_E_OBJECT_NOT_FOUND (0x80bb0001) aIID={85cd948e-a71f-4289-281e-0ca7ad48cd89} aComponent={SessionMachine} aText={No storage device attached to device slot 1 on port 1 of controller 'IDEController'}, preserve=false aResultDetail=0
00:00:25.503921 nspr-3   WARNING [COM]: aRC=NS_ERROR_FAILURE (0x80004005) aIID={afca788c-4477-787d-60b2-3fa70e56fbbc} aComponent={HostWrap} aText={VirtualBox is not currently allowed to access USB devices.  You can change this by adding your user to the 'vboxusers' group.  Please see the user manual for a more detailed explanation}, preserve=true  aResultDetail=0
00:00:25.504169 nspr-4   WARNING [COM]: aRC=NS_ERROR_FAILURE (0x80004005) aIID={afca788c-4477-787d-60b2-3fa70e56fbbc} aComponent={HostWrap} aText={VirtualBox is not currently allowed to access USB devices.  You can change this by adding your user to the 'vboxusers' group.  Please see the user manual for a more detailed explanation}, preserve=true  aResultDetail=0
00:00:30.250533 nspr-2   ERROR [COM]: aRC=E_ACCESSDENIED (0x80070005) aIID={85cd948e-a71f-4289-281e-0ca7ad48cd89} aComponent={MachineWrap} aText={The object functionality is limited}, preserve=false aResultDetail=0
00:00:30.264195 nspr-4   ERROR [COM]: aRC=VBOX_E_OBJECT_NOT_FOUND (0x80bb0001) aIID={85cd948e-a71f-4289-281e-0ca7ad48cd89} aComponent={SessionMachine} aText={No storage device attached to device slot 0 on port 1 of controller 'IDEController'}, preserve=false aResultDetail=0
00:00:30.264575 nspr-4   ERROR [COM]: aRC=VBOX_E_OBJECT_NOT_FOUND (0x80bb0001) aIID={85cd948e-a71f-4289-281e-0ca7ad48cd89} aComponent={SessionMachine} aText={No storage device attached to device slot 0 on port 1 of controller 'IDEController'}, preserve=false aResultDetail=0
00:00:30.264783 nspr-3   ERROR [COM]: aRC=VBOX_E_OBJECT_NOT_FOUND (0x80bb0001) aIID={85cd948e-a71f-4289-281e-0ca7ad48cd89} aComponent={SessionMachine} aText={No storage device attached to device slot 1 on port 1 of controller 'IDEController'}, preserve=false aResultDetail=0
00:00:30.264992 nspr-2   ERROR [COM]: aRC=VBOX_E_OBJECT_NOT_FOUND (0x80bb0001) aIID={85cd948e-a71f-4289-281e-0ca7ad48cd89} aComponent={SessionMachine} aText={No storage device attached to device slot 1 on port 1 of controller 'IDEController'}, preserve=false aResultDetail=0
00:00:30.276379 nspr-4   WARNING [COM]: aRC=NS_ERROR_FAILURE (0x80004005) aIID={afca788c-4477-787d-60b2-3fa70e56fbbc} aComponent={HostWrap} aText={VirtualBox is not currently allowed to access USB devices.  You can change this by adding your user to the 'vboxusers' group.  Please see the user manual for a more detailed explanation}, preserve=true  aResultDetail=0
00:00:30.276662 nspr-3   WARNING [COM]: aRC=NS_ERROR_FAILURE (0x80004005) aIID={afca788c-4477-787d-60b2-3fa70e56fbbc} aComponent={HostWrap} aText={VirtualBox is not currently allowed to access USB devices.  You can change this by adding your user to the 'vboxusers' group.  Please see the user manual for a more detailed explanation}, preserve=true  aResultDetail=0
00:11:10.514524 nspr-3   ERROR [COM]: aRC=E_ACCESSDENIED (0x80070005) aIID={85cd948e-a71f-4289-281e-0ca7ad48cd89} aComponent={MachineWrap} aText={The object functionality is limited}, preserve=false aResultDetail=0
00:11:10.535000 nspr-2   ERROR [COM]: aRC=VBOX_E_OBJECT_NOT_FOUND (0x80bb0001) aIID={85cd948e-a71f-4289-281e-0ca7ad48cd89} aComponent={SessionMachine} aText={No storage device attached to device slot 0 on port 1 of controller 'IDEController'}, preserve=false aResultDetail=0
00:11:10.535197 nspr-2   ERROR [COM]: aRC=VBOX_E_OBJECT_NOT_FOUND (0x80bb0001) aIID={85cd948e-a71f-4289-281e-0ca7ad48cd89} aComponent={SessionMachine} aText={No storage device attached to device slot 0 on port 1 of controller 'IDEController'}, preserve=false aResultDetail=0
00:11:10.535345 nspr-4   ERROR [COM]: aRC=VBOX_E_OBJECT_NOT_FOUND (0x80bb0001) aIID={85cd948e-a71f-4289-281e-0ca7ad48cd89} aComponent={SessionMachine} aText={No storage device attached to device slot 1 on port 1 of controller 'IDEController'}, preserve=false aResultDetail=0
00:11:10.535498 nspr-3   ERROR [COM]: aRC=VBOX_E_OBJECT_NOT_FOUND (0x80bb0001) aIID={85cd948e-a71f-4289-281e-0ca7ad48cd89} aComponent={SessionMachine} aText={No storage device attached to device slot 1 on port 1 of controller 'IDEController'}, preserve=false aResultDetail=0
00:11:10.544518 nspr-2   WARNING [COM]: aRC=NS_ERROR_FAILURE (0x80004005) aIID={afca788c-4477-787d-60b2-3fa70e56fbbc} aComponent={HostWrap} aText={VirtualBox is not currently allowed to access USB devices.  You can change this by adding your user to the 'vboxusers' group.  Please see the user manual for a more detailed explanation}, preserve=true  aResultDetail=0
00:11:10.544777 nspr-4   WARNING [COM]: aRC=NS_ERROR_FAILURE (0x80004005) aIID={afca788c-4477-787d-60b2-3fa70e56fbbc} aComponent={HostWrap} aText={VirtualBox is not currently allowed to access USB devices.  You can change this by adding your user to the 'vboxusers' group.  Please see the user manual for a more detailed explanation}, preserve=true  aResultDetail=0
00:11:10.628753 nspr-3   ERROR [COM]: aRC=E_ACCESSDENIED (0x80070005) aIID={85cd948e-a71f-4289-281e-0ca7ad48cd89} aComponent={MachineWrap} aText={The object functionality is limited}, preserve=false aResultDetail=0
00:11:10.979733 nspr-2   Saving settings file "/home/coc/.Genymobile/Genymotion/deployed/Custom Phone - 7.0.0 - API 24 - 768x1280/Custom Phone - 7.0.0 - API 24 - 768x1280.vbox" with version "1.12-linux"
